This file contains any messages produced by compilers while
running configure, to aid debugging if configure makes a mistake.

It was created by Spread_Util configure 4.2.0, which was
generated by GNU Autoconf 2.62.  Invocation command line was

  $ ./configure 

## --------- ##
## Platform. ##
## --------- ##

hostname = rain1
uname -m = x86_64
uname -r = 2.6.32-431.11.2.el6.x86_64
uname -s = Linux
uname -v = #1 SMP Tue Mar 25 19:59:55 UTC 2014

/usr/bin/uname -p = unknown
/bin/uname -X     = unknown

/bin/arch              = x86_64
/usr/bin/arch -k       = unknown
/usr/convex/getsysinfo = unknown
/usr/bin/hostinfo      = unknown
/bin/machine           = unknown
/usr/bin/oslevel       = unknown
/bin/universe          = unknown

PATH: /usr/local/bin
PATH: /bin
PATH: /usr/bin
PATH: /usr/local/sbin
PATH: /usr/sbin
PATH: /sbin


## ----------- ##
## Core tests. ##
## ----------- ##

configure:1875: checking build system type
configure:1893: result: x86_64-unknown-linux-gnu
configure:1915: checking host system type
configure:1930: result: x86_64-unknown-linux-gnu
configure:2008: checking for gcc
configure:2024: found /usr/bin/gcc
configure:2035: result: gcc
configure:2273: checking for C compiler version
configure:2281: gcc --version >&5
gcc (GCC) 4.4.7 20120313 (Red Hat 4.4.7-4)
Copyright (C) 2010 Free Software Foundation, Inc.
This is free software; see the source for copying conditions.  There is NO
warranty; not even for MERCHANTABILITY or FITNESS FOR A PARTICULAR PURPOSE.

configure:2285: $? = 0
configure:2292: gcc -v >&5
Using built-in specs.
Target: x86_64-redhat-linux
Configured with: ../configure --prefix=/usr --mandir=/usr/share/man --infodir=/usr/share/info --with-bugurl=http://bugzilla.redhat.com/bugzilla --enable-bootstrap --enable-shared --enable-threads=posix --enable-checking=release --with-system-zlib --enable-__cxa_atexit --disable-libunwind-exceptions --enable-gnu-unique-object --enable-languages=c,c++,objc,obj-c++,java,fortran,ada --enable-java-awt=gtk --disable-dssi --with-java-home=/usr/lib/jvm/java-1.5.0-gcj-1.5.0.0/jre --enable-libgcj-multifile --enable-java-maintainer-mode --with-ecj-jar=/usr/share/java/eclipse-ecj.jar --disable-libjava-multilib --with-ppl --with-cloog --with-tune=generic --with-arch_32=i686 --build=x86_64-redhat-linux
Thread model: posix
gcc version 4.4.7 20120313 (Red Hat 4.4.7-4) (GCC) 
configure:2296: $? = 0
configure:2303: gcc -V >&5
gcc: '-V' option must have argument
configure:2307: $? = 1
configure:2330: checking for C compiler default output file name
configure:2352: gcc    conftest.c  >&5
configure:2356: $? = 0
configure:2394: result: a.out
configure:2411: checking whether the C compiler works
configure:2421: ./a.out
configure:2425: $? = 0
configure:2442: result: yes
configure:2449: checking whether we are cross compiling
configure:2451: result: no
configure:2454: checking for suffix of executables
configure:2461: gcc -o conftest    conftest.c  >&5
configure:2465: $? = 0
configure:2489: result: 
configure:2495: checking for suffix of object files
configure:2521: gcc -c   conftest.c >&5
configure:2525: $? = 0
configure:2548: result: o
configure:2552: checking whether we are using the GNU C compiler
configure:2581: gcc -c   conftest.c >&5
configure:2588: $? = 0
configure:2605: result: yes
configure:2614: checking whether gcc accepts -g
configure:2644: gcc -c -g  conftest.c >&5
configure:2651: $? = 0
configure:2752: result: yes
configure:2769: checking for gcc option to accept ISO C89
configure:2843: gcc  -c -g -O2  conftest.c >&5
configure:2850: $? = 0
configure:2873: result: none needed
configure:2897: checking how to run the C preprocessor
configure:2937: gcc -E  conftest.c
configure:2944: $? = 0
configure:2975: gcc -E  conftest.c
conftest.c:8:28: error: ac_nonexistent.h: No such file or directory
configure:2982: $? = 1
configure: failed program was:
| /* confdefs.h.  */
| #define PACKAGE_NAME "Spread_Util"
| #define PACKAGE_TARNAME "spread_util"
| #define PACKAGE_VERSION "4.2.0"
| #define PACKAGE_STRING "Spread_Util 4.2.0"
| #define PACKAGE_BUGREPORT ""
| /* end confdefs.h.  */
| #include <ac_nonexistent.h>
configure:3015: result: gcc -E
configure:3044: gcc -E  conftest.c
configure:3051: $? = 0
configure:3082: gcc -E  conftest.c
conftest.c:8:28: error: ac_nonexistent.h: No such file or directory
configure:3089: $? = 1
configure: failed program was:
| /* confdefs.h.  */
| #define PACKAGE_NAME "Spread_Util"
| #define PACKAGE_TARNAME "spread_util"
| #define PACKAGE_VERSION "4.2.0"
| #define PACKAGE_STRING "Spread_Util 4.2.0"
| #define PACKAGE_BUGREPORT ""
| /* end confdefs.h.  */
| #include <ac_nonexistent.h>
configure:3127: checking for grep that handles long lines and -e
configure:3187: result: /bin/grep
configure:3192: checking for egrep
configure:3256: result: /bin/grep -E
configure:3261: checking for ANSI C header files
configure:3291: gcc -c -g -O2  conftest.c >&5
configure:3298: $? = 0
configure:3397: gcc -o conftest -g -O2   conftest.c  >&5
configure:3401: $? = 0
configure:3407: ./conftest
configure:3411: $? = 0
configure:3429: result: yes
configure:3453: checking for sys/types.h
configure:3474: gcc -c -g -O2  conftest.c >&5
configure:3481: $? = 0
configure:3498: result: yes
configure:3453: checking for sys/stat.h
configure:3474: gcc -c -g -O2  conftest.c >&5
configure:3481: $? = 0
configure:3498: result: yes
configure:3453: checking for stdlib.h
configure:3474: gcc -c -g -O2  conftest.c >&5
configure:3481: $? = 0
configure:3498: result: yes
configure:3453: checking for string.h
configure:3474: gcc -c -g -O2  conftest.c >&5
configure:3481: $? = 0
configure:3498: result: yes
configure:3453: checking for memory.h
configure:3474: gcc -c -g -O2  conftest.c >&5
configure:3481: $? = 0
configure:3498: result: yes
configure:3453: checking for strings.h
configure:3474: gcc -c -g -O2  conftest.c >&5
configure:3481: $? = 0
configure:3498: result: yes
configure:3453: checking for inttypes.h
configure:3474: gcc -c -g -O2  conftest.c >&5
configure:3481: $? = 0
configure:3498: result: yes
configure:3453: checking for stdint.h
configure:3474: gcc -c -g -O2  conftest.c >&5
configure:3481: $? = 0
configure:3498: result: yes
configure:3453: checking for unistd.h
configure:3474: gcc -c -g -O2  conftest.c >&5
configure:3481: $? = 0
configure:3498: result: yes
configure:3512: checking whether byte ordering is bigendian
configure:3537: gcc -c -g -O2  conftest.c >&5
conftest.c:19: error: expected '=', ',', ';', 'asm' or '__attribute__' before 'is'
configure:3544: $? = 1
configure: failed program was:
| /* confdefs.h.  */
| #define PACKAGE_NAME "Spread_Util"
| #define PACKAGE_TARNAME "spread_util"
| #define PACKAGE_VERSION "4.2.0"
| #define PACKAGE_STRING "Spread_Util 4.2.0"
| #define PACKAGE_BUGREPORT ""
| #define STDC_HEADERS 1
| #define HAVE_SYS_TYPES_H 1
| #define HAVE_SYS_STAT_H 1
| #define HAVE_STDLIB_H 1
| #define HAVE_STRING_H 1
| #define HAVE_MEMORY_H 1
| #define HAVE_STRINGS_H 1
| #define HAVE_INTTYPES_H 1
| #define HAVE_STDINT_H 1
| #define HAVE_UNISTD_H 1
| /* end confdefs.h.  */
| #if ! (defined __BIG_ENDIAN__ || defined __LITTLE_ENDIAN__)
| 	       neither is defined;
| 	     #endif
| 	     typedef int dummy;
| 
configure:3588: gcc -c -g -O2  conftest.c >&5
configure:3595: $? = 0
configure:3627: gcc -c -g -O2  conftest.c >&5
conftest.c: In function 'main':
conftest.c:25: error: 'not' undeclared (first use in this function)
conftest.c:25: error: (Each undeclared identifier is reported only once
conftest.c:25: error: for each function it appears in.)
conftest.c:25: error: expected ';' before 'big'
configure:3634: $? = 1
configure: failed program was:
| /* confdefs.h.  */
| #define PACKAGE_NAME "Spread_Util"
| #define PACKAGE_TARNAME "spread_util"
| #define PACKAGE_VERSION "4.2.0"
| #define PACKAGE_STRING "Spread_Util 4.2.0"
| #define PACKAGE_BUGREPORT ""
| #define STDC_HEADERS 1
| #define HAVE_SYS_TYPES_H 1
| #define HAVE_SYS_STAT_H 1
| #define HAVE_STDLIB_H 1
| #define HAVE_STRING_H 1
| #define HAVE_MEMORY_H 1
| #define HAVE_STRINGS_H 1
| #define HAVE_INTTYPES_H 1
| #define HAVE_STDINT_H 1
| #define HAVE_UNISTD_H 1
| /* end confdefs.h.  */
| #include <sys/types.h>
| 		#include <sys/param.h>
| 
| int
| main ()
| {
| #if BYTE_ORDER != BIG_ENDIAN
| 		 not big endian
| 		#endif
| 
|   ;
|   return 0;
| }
configure:3886: result: no
configure:3913: checking how to run the C preprocessor
configure:4031: result: gcc -E
configure:4060: gcc -E  conftest.c
configure:4067: $? = 0
configure:4098: gcc -E  conftest.c
conftest.c:18:28: error: ac_nonexistent.h: No such file or directory
configure:4105: $? = 1
configure: failed program was:
| /* confdefs.h.  */
| #define PACKAGE_NAME "Spread_Util"
| #define PACKAGE_TARNAME "spread_util"
| #define PACKAGE_VERSION "4.2.0"
| #define PACKAGE_STRING "Spread_Util 4.2.0"
| #define PACKAGE_BUGREPORT ""
| #define STDC_HEADERS 1
| #define HAVE_SYS_TYPES_H 1
| #define HAVE_SYS_STAT_H 1
| #define HAVE_STDLIB_H 1
| #define HAVE_STRING_H 1
| #define HAVE_MEMORY_H 1
| #define HAVE_STRINGS_H 1
| #define HAVE_INTTYPES_H 1
| #define HAVE_STDINT_H 1
| #define HAVE_UNISTD_H 1
| /* end confdefs.h.  */
| #include <ac_nonexistent.h>
configure:4185: checking for ranlib
configure:4201: found /usr/bin/ranlib
configure:4212: result: ranlib
configure:4252: checking for a BSD-compatible install
configure:4320: result: /usr/bin/install -c
configure:4331: checking whether ln -s works
configure:4335: result: yes
configure:4344: checking for ar
configure:4362: found /usr/bin/ar
configure:4374: result: /usr/bin/ar
configure:4386: checking for perl5
configure:4419: result: no
configure:4386: checking for perl
configure:4404: found /usr/bin/perl
configure:4416: result: /usr/bin/perl
configure:4441: checking for inline
configure:4467: gcc -c -g -O2  conftest.c >&5
configure:4474: $? = 0
configure:4492: result: inline
configure:4564: checking if we need -pthread for threads
configure:4592: gcc -o conftest -g -O2 -Wall  -pthread  conftest.c  >&5
configure:4599: $? = 0
configure:4623: result: yes
configure:4637: checking for pthread_create in -lpthread
configure:4672: gcc -o conftest -g -O2 -Wall   conftest.c -lpthread   >&5
configure:4679: $? = 0
configure:4700: result: yes
configure:4712: checking for thr_create in -lthread
configure:4747: gcc -o conftest -g -O2 -Wall   conftest.c -lthread  -lpthread  >&5
/usr/bin/ld: cannot find -lthread
collect2: ld returned 1 exit status
configure:4754: $? = 1
configure: failed program was:
| /* confdefs.h.  */
| #define PACKAGE_NAME "Spread_Util"
| #define PACKAGE_TARNAME "spread_util"
| #define PACKAGE_VERSION "4.2.0"
| #define PACKAGE_STRING "Spread_Util 4.2.0"
| #define PACKAGE_BUGREPORT ""
| #define STDC_HEADERS 1
| #define HAVE_SYS_TYPES_H 1
| #define HAVE_SYS_STAT_H 1
| #define HAVE_STDLIB_H 1
| #define HAVE_STRING_H 1
| #define HAVE_MEMORY_H 1
| #define HAVE_STRINGS_H 1
| #define HAVE_INTTYPES_H 1
| #define HAVE_STDINT_H 1
| #define HAVE_UNISTD_H 1
| #define HAVE_LIBPTHREAD 1
| /* end confdefs.h.  */
| 
| /* Override any GCC internal prototype to avoid an error.
|    Use char because int might match the return type of a GCC
|    builtin and then its argument prototype would still apply.  */
| #ifdef __cplusplus
| extern "C"
| #endif
| char thr_create ();
| int
| main ()
| {
| return thr_create ();
|   ;
|   return 0;
| }
configure:4775: result: no
configure:4787: checking for sem_wait in -lposix4
configure:4822: gcc -o conftest -g -O2 -Wall   conftest.c -lposix4  -lpthread  >&5
/usr/bin/ld: cannot find -lposix4
collect2: ld returned 1 exit status
configure:4829: $? = 1
configure: failed program was:
| /* confdefs.h.  */
| #define PACKAGE_NAME "Spread_Util"
| #define PACKAGE_TARNAME "spread_util"
| #define PACKAGE_VERSION "4.2.0"
| #define PACKAGE_STRING "Spread_Util 4.2.0"
| #define PACKAGE_BUGREPORT ""
| #define STDC_HEADERS 1
| #define HAVE_SYS_TYPES_H 1
| #define HAVE_SYS_STAT_H 1
| #define HAVE_STDLIB_H 1
| #define HAVE_STRING_H 1
| #define HAVE_MEMORY_H 1
| #define HAVE_STRINGS_H 1
| #define HAVE_INTTYPES_H 1
| #define HAVE_STDINT_H 1
| #define HAVE_UNISTD_H 1
| #define HAVE_LIBPTHREAD 1
| /* end confdefs.h.  */
| 
| /* Override any GCC internal prototype to avoid an error.
|    Use char because int might match the return type of a GCC
|    builtin and then its argument prototype would still apply.  */
| #ifdef __cplusplus
| extern "C"
| #endif
| char sem_wait ();
| int
| main ()
| {
| return sem_wait ();
|   ;
|   return 0;
| }
configure:4850: result: no
configure:4867: checking for pthread_atfork
configure:4923: gcc -o conftest -g -O2 -Wall   conftest.c -lpthread  >&5
configure:4930: $? = 0
configure:4952: result: yes
configure:4966: checking for gethostbyaddr in -lnsl
configure:5001: gcc -o conftest -g -O2 -Wall   conftest.c -lnsl   >&5
configure:5008: $? = 0
configure:5029: result: yes
configure:5041: checking for socket in -lsocket
configure:5076: gcc -o conftest -g -O2 -Wall   conftest.c -lsocket  -lnsl  >&5
/usr/bin/ld: cannot find -lsocket
collect2: ld returned 1 exit status
configure:5083: $? = 1
configure: failed program was:
| /* confdefs.h.  */
| #define PACKAGE_NAME "Spread_Util"
| #define PACKAGE_TARNAME "spread_util"
| #define PACKAGE_VERSION "4.2.0"
| #define PACKAGE_STRING "Spread_Util 4.2.0"
| #define PACKAGE_BUGREPORT ""
| #define STDC_HEADERS 1
| #define HAVE_SYS_TYPES_H 1
| #define HAVE_SYS_STAT_H 1
| #define HAVE_STDLIB_H 1
| #define HAVE_STRING_H 1
| #define HAVE_MEMORY_H 1
| #define HAVE_STRINGS_H 1
| #define HAVE_INTTYPES_H 1
| #define HAVE_STDINT_H 1
| #define HAVE_UNISTD_H 1
| #define HAVE_LIBPTHREAD 1
| #define HAVE_PTHREAD_ATFORK 1
| #define HAVE_LIBNSL 1
| /* end confdefs.h.  */
| 
| /* Override any GCC internal prototype to avoid an error.
|    Use char because int might match the return type of a GCC
|    builtin and then its argument prototype would still apply.  */
| #ifdef __cplusplus
| extern "C"
| #endif
| char socket ();
| int
| main ()
| {
| return socket ();
|   ;
|   return 0;
| }
configure:5104: result: no
configure:5115: checking for library containing shm_open
configure:5156: gcc -o conftest -g -O2 -Wall   conftest.c -lnsl  >&5
/tmp/cc6Isa0D.o: In function `main':
/home/platania/next_prime/libspread-util/conftest.c:32: undefined reference to `shm_open'
collect2: ld returned 1 exit status
configure:5163: $? = 1
configure: failed program was:
| /* confdefs.h.  */
| #define PACKAGE_NAME "Spread_Util"
| #define PACKAGE_TARNAME "spread_util"
| #define PACKAGE_VERSION "4.2.0"
| #define PACKAGE_STRING "Spread_Util 4.2.0"
| #define PACKAGE_BUGREPORT ""
| #define STDC_HEADERS 1
| #define HAVE_SYS_TYPES_H 1
| #define HAVE_SYS_STAT_H 1
| #define HAVE_STDLIB_H 1
| #define HAVE_STRING_H 1
| #define HAVE_MEMORY_H 1
| #define HAVE_STRINGS_H 1
| #define HAVE_INTTYPES_H 1
| #define HAVE_STDINT_H 1
| #define HAVE_UNISTD_H 1
| #define HAVE_LIBPTHREAD 1
| #define HAVE_PTHREAD_ATFORK 1
| #define HAVE_LIBNSL 1
| /* end confdefs.h.  */
| 
| /* Override any GCC internal prototype to avoid an error.
|    Use char because int might match the return type of a GCC
|    builtin and then its argument prototype would still apply.  */
| #ifdef __cplusplus
| extern "C"
| #endif
| char shm_open ();
| int
| main ()
| {
| return shm_open ();
|   ;
|   return 0;
| }
configure:5156: gcc -o conftest -g -O2 -Wall   conftest.c -lrt  -lnsl  >&5
configure:5163: $? = 0
configure:5194: result: -lrt
configure:5202: checking for library containing nanosleep
configure:5243: gcc -o conftest -g -O2 -Wall   conftest.c -lrt -lnsl  >&5
configure:5250: $? = 0
configure:5281: result: none required
configure:5290: checking for sqrt in -lm
configure:5325: gcc -o conftest -g -O2 -Wall   conftest.c -lm  -lrt -lnsl  >&5
conftest.c:28: warning: conflicting types for built-in function 'sqrt'
configure:5332: $? = 0
configure:5353: result: yes
configure:5369: checking for strftime
configure:5425: gcc -o conftest -g -O2 -Wall   conftest.c -lm -lrt -lnsl  >&5
conftest.c:45: warning: conflicting types for built-in function 'strftime'
configure:5432: $? = 0
configure:5454: result: yes
configure:5589: checking arpa/inet.h usability
configure:5606: gcc -c -g -O2 -Wall  conftest.c >&5
configure:5613: $? = 0
configure:5627: result: yes
configure:5631: checking arpa/inet.h presence
configure:5646: gcc -E  conftest.c
configure:5653: $? = 0
configure:5667: result: yes
configure:5695: checking for arpa/inet.h
configure:5704: result: yes
configure:5589: checking assert.h usability
configure:5606: gcc -c -g -O2 -Wall  conftest.c >&5
configure:5613: $? = 0
configure:5627: result: yes
configure:5631: checking assert.h presence
configure:5646: gcc -E  conftest.c
configure:5653: $? = 0
configure:5667: result: yes
configure:5695: checking for assert.h
configure:5704: result: yes
configure:5589: checking errno.h usability
configure:5606: gcc -c -g -O2 -Wall  conftest.c >&5
configure:5613: $? = 0
configure:5627: result: yes
configure:5631: checking errno.h presence
configure:5646: gcc -E  conftest.c
configure:5653: $? = 0
configure:5667: result: yes
configure:5695: checking for errno.h
configure:5704: result: yes
configure:5589: checking grp.h usability
configure:5606: gcc -c -g -O2 -Wall  conftest.c >&5
configure:5613: $? = 0
configure:5627: result: yes
configure:5631: checking grp.h presence
configure:5646: gcc -E  conftest.c
configure:5653: $? = 0
configure:5667: result: yes
configure:5695: checking for grp.h
configure:5704: result: yes
configure:5589: checking limits.h usability
configure:5606: gcc -c -g -O2 -Wall  conftest.c >&5
configure:5613: $? = 0
configure:5627: result: yes
configure:5631: checking limits.h presence
configure:5646: gcc -E  conftest.c
configure:5653: $? = 0
configure:5667: result: yes
configure:5695: checking for limits.h
configure:5704: result: yes
configure:5589: checking netdb.h usability
configure:5606: gcc -c -g -O2 -Wall  conftest.c >&5
configure:5613: $? = 0
configure:5627: result: yes
configure:5631: checking netdb.h presence
configure:5646: gcc -E  conftest.c
configure:5653: $? = 0
configure:5667: result: yes
configure:5695: checking for netdb.h
configure:5704: result: yes
configure:5589: checking netinet/in.h usability
configure:5606: gcc -c -g -O2 -Wall  conftest.c >&5
configure:5613: $? = 0
configure:5627: result: yes
configure:5631: checking netinet/in.h presence
configure:5646: gcc -E  conftest.c
configure:5653: $? = 0
configure:5667: result: yes
configure:5695: checking for netinet/in.h
configure:5704: result: yes
configure:5589: checking netinet/tcp.h usability
configure:5606: gcc -c -g -O2 -Wall  conftest.c >&5
configure:5613: $? = 0
configure:5627: result: yes
configure:5631: checking netinet/tcp.h presence
configure:5646: gcc -E  conftest.c
configure:5653: $? = 0
configure:5667: result: yes
configure:5695: checking for netinet/tcp.h
configure:5704: result: yes
configure:5589: checking process.h usability
configure:5606: gcc -c -g -O2 -Wall  conftest.c >&5
conftest.c:64:21: error: process.h: No such file or directory
configure:5613: $? = 1
configure: failed program was:
| /* confdefs.h.  */
| #define PACKAGE_NAME "Spread_Util"
| #define PACKAGE_TARNAME "spread_util"
| #define PACKAGE_VERSION "4.2.0"
| #define PACKAGE_STRING "Spread_Util 4.2.0"
| #define PACKAGE_BUGREPORT ""
| #define STDC_HEADERS 1
| #define HAVE_SYS_TYPES_H 1
| #define HAVE_SYS_STAT_H 1
| #define HAVE_STDLIB_H 1
| #define HAVE_STRING_H 1
| #define HAVE_MEMORY_H 1
| #define HAVE_STRINGS_H 1
| #define HAVE_INTTYPES_H 1
| #define HAVE_STDINT_H 1
| #define HAVE_UNISTD_H 1
| #define HAVE_LIBPTHREAD 1
| #define HAVE_PTHREAD_ATFORK 1
| #define HAVE_LIBNSL 1
| #define HAVE_LIBM 1
| #define HAVE_STRFTIME 1
| #define HAVE_ARPA_INET_H 1
| #define HAVE_ASSERT_H 1
| #define HAVE_ERRNO_H 1
| #define HAVE_GRP_H 1
| #define HAVE_LIMITS_H 1
| #define HAVE_NETDB_H 1
| #define HAVE_NETINET_IN_H 1
| #define HAVE_NETINET_TCP_H 1
| /* end confdefs.h.  */
| #include <stdio.h>
| #ifdef HAVE_SYS_TYPES_H
| # include <sys/types.h>
| #endif
| #ifdef HAVE_SYS_STAT_H
| # include <sys/stat.h>
| #endif
| #ifdef STDC_HEADERS
| # include <stdlib.h>
| # include <stddef.h>
| #else
| # ifdef HAVE_STDLIB_H
| #  include <stdlib.h>
| # endif
| #endif
| #ifdef HAVE_STRING_H
| # if !defined STDC_HEADERS && defined HAVE_MEMORY_H
| #  include <memory.h>
| # endif
| # include <string.h>
| #endif
| #ifdef HAVE_STRINGS_H
| # include <strings.h>
| #endif
| #ifdef HAVE_INTTYPES_H
| # include <inttypes.h>
| #endif
| #ifdef HAVE_STDINT_H
| # include <stdint.h>
| #endif
| #ifdef HAVE_UNISTD_H
| # include <unistd.h>
| #endif
| #include <process.h>
configure:5627: result: no
configure:5631: checking process.h presence
configure:5646: gcc -E  conftest.c
conftest.c:31:21: error: process.h: No such file or directory
configure:5653: $? = 1
configure: failed program was:
| /* confdefs.h.  */
| #define PACKAGE_NAME "Spread_Util"
| #define PACKAGE_TARNAME "spread_util"
| #define PACKAGE_VERSION "4.2.0"
| #define PACKAGE_STRING "Spread_Util 4.2.0"
| #define PACKAGE_BUGREPORT ""
| #define STDC_HEADERS 1
| #define HAVE_SYS_TYPES_H 1
| #define HAVE_SYS_STAT_H 1
| #define HAVE_STDLIB_H 1
| #define HAVE_STRING_H 1
| #define HAVE_MEMORY_H 1
| #define HAVE_STRINGS_H 1
| #define HAVE_INTTYPES_H 1
| #define HAVE_STDINT_H 1
| #define HAVE_UNISTD_H 1
| #define HAVE_LIBPTHREAD 1
| #define HAVE_PTHREAD_ATFORK 1
| #define HAVE_LIBNSL 1
| #define HAVE_LIBM 1
| #define HAVE_STRFTIME 1
| #define HAVE_ARPA_INET_H 1
| #define HAVE_ASSERT_H 1
| #define HAVE_ERRNO_H 1
| #define HAVE_GRP_H 1
| #define HAVE_LIMITS_H 1
| #define HAVE_NETDB_H 1
| #define HAVE_NETINET_IN_H 1
| #define HAVE_NETINET_TCP_H 1
| /* end confdefs.h.  */
| #include <process.h>
configure:5667: result: no
configure:5695: checking for process.h
configure:5704: result: no
configure:5589: checking pthread.h usability
configure:5606: gcc -c -g -O2 -Wall  conftest.c >&5
configure:5613: $? = 0
configure:5627: result: yes
configure:5631: checking pthread.h presence
configure:5646: gcc -E  conftest.c
configure:5653: $? = 0
configure:5667: result: yes
configure:5695: checking for pthread.h
configure:5704: result: yes
configure:5589: checking pwd.h usability
configure:5606: gcc -c -g -O2 -Wall  conftest.c >&5
configure:5613: $? = 0
configure:5627: result: yes
configure:5631: checking pwd.h presence
configure:5646: gcc -E  conftest.c
configure:5653: $? = 0
configure:5667: result: yes
configure:5695: checking for pwd.h
configure:5704: result: yes
configure:5589: checking signal.h usability
configure:5606: gcc -c -g -O2 -Wall  conftest.c >&5
configure:5613: $? = 0
configure:5627: result: yes
configure:5631: checking signal.h presence
configure:5646: gcc -E  conftest.c
configure:5653: $? = 0
configure:5667: result: yes
configure:5695: checking for signal.h
configure:5704: result: yes
configure:5589: checking stdarg.h usability
configure:5606: gcc -c -g -O2 -Wall  conftest.c >&5
configure:5613: $? = 0
configure:5627: result: yes
configure:5631: checking stdarg.h presence
configure:5646: gcc -E  conftest.c
configure:5653: $? = 0
configure:5667: result: yes
configure:5695: checking for stdarg.h
configure:5704: result: yes
configure:5578: checking for stdint.h
configure:5585: result: yes
configure:5589: checking stdio.h usability
configure:5606: gcc -c -g -O2 -Wall  conftest.c >&5
configure:5613: $? = 0
configure:5627: result: yes
configure:5631: checking stdio.h presence
configure:5646: gcc -E  conftest.c
configure:5653: $? = 0
configure:5667: result: yes
configure:5695: checking for stdio.h
configure:5704: result: yes
configure:5578: checking for stdlib.h
configure:5585: result: yes
configure:5578: checking for string.h
configure:5585: result: yes
configure:5589: checking sys/inttypes.h usability
configure:5606: gcc -c -g -O2 -Wall  conftest.c >&5
conftest.c:72:26: error: sys/inttypes.h: No such file or directory
configure:5613: $? = 1
configure: failed program was:
| /* confdefs.h.  */
| #define PACKAGE_NAME "Spread_Util"
| #define PACKAGE_TARNAME "spread_util"
| #define PACKAGE_VERSION "4.2.0"
| #define PACKAGE_STRING "Spread_Util 4.2.0"
| #define PACKAGE_BUGREPORT ""
| #define STDC_HEADERS 1
| #define HAVE_SYS_TYPES_H 1
| #define HAVE_SYS_STAT_H 1
| #define HAVE_STDLIB_H 1
| #define HAVE_STRING_H 1
| #define HAVE_MEMORY_H 1
| #define HAVE_STRINGS_H 1
| #define HAVE_INTTYPES_H 1
| #define HAVE_STDINT_H 1
| #define HAVE_UNISTD_H 1
| #define HAVE_LIBPTHREAD 1
| #define HAVE_PTHREAD_ATFORK 1
| #define HAVE_LIBNSL 1
| #define HAVE_LIBM 1
| #define HAVE_STRFTIME 1
| #define HAVE_ARPA_INET_H 1
| #define HAVE_ASSERT_H 1
| #define HAVE_ERRNO_H 1
| #define HAVE_GRP_H 1
| #define HAVE_LIMITS_H 1
| #define HAVE_NETDB_H 1
| #define HAVE_NETINET_IN_H 1
| #define HAVE_NETINET_TCP_H 1
| #define HAVE_PTHREAD_H 1
| #define HAVE_PWD_H 1
| #define HAVE_SIGNAL_H 1
| #define HAVE_STDARG_H 1
| #define HAVE_STDINT_H 1
| #define HAVE_STDIO_H 1
| #define HAVE_STDLIB_H 1
| #define HAVE_STRING_H 1
| /* end confdefs.h.  */
| #include <stdio.h>
| #ifdef HAVE_SYS_TYPES_H
| # include <sys/types.h>
| #endif
| #ifdef HAVE_SYS_STAT_H
| # include <sys/stat.h>
| #endif
| #ifdef STDC_HEADERS
| # include <stdlib.h>
| # include <stddef.h>
| #else
| # ifdef HAVE_STDLIB_H
| #  include <stdlib.h>
| # endif
| #endif
| #ifdef HAVE_STRING_H
| # if !defined STDC_HEADERS && defined HAVE_MEMORY_H
| #  include <memory.h>
| # endif
| # include <string.h>
| #endif
| #ifdef HAVE_STRINGS_H
| # include <strings.h>
| #endif
| #ifdef HAVE_INTTYPES_H
| # include <inttypes.h>
| #endif
| #ifdef HAVE_STDINT_H
| # include <stdint.h>
| #endif
| #ifdef HAVE_UNISTD_H
| # include <unistd.h>
| #endif
| #include <sys/inttypes.h>
configure:5627: result: no
configure:5631: checking sys/inttypes.h presence
configure:5646: gcc -E  conftest.c
conftest.c:39:26: error: sys/inttypes.h: No such file or directory
configure:5653: $? = 1
configure: failed program was:
| /* confdefs.h.  */
| #define PACKAGE_NAME "Spread_Util"
| #define PACKAGE_TARNAME "spread_util"
| #define PACKAGE_VERSION "4.2.0"
| #define PACKAGE_STRING "Spread_Util 4.2.0"
| #define PACKAGE_BUGREPORT ""
| #define STDC_HEADERS 1
| #define HAVE_SYS_TYPES_H 1
| #define HAVE_SYS_STAT_H 1
| #define HAVE_STDLIB_H 1
| #define HAVE_STRING_H 1
| #define HAVE_MEMORY_H 1
| #define HAVE_STRINGS_H 1
| #define HAVE_INTTYPES_H 1
| #define HAVE_STDINT_H 1
| #define HAVE_UNISTD_H 1
| #define HAVE_LIBPTHREAD 1
| #define HAVE_PTHREAD_ATFORK 1
| #define HAVE_LIBNSL 1
| #define HAVE_LIBM 1
| #define HAVE_STRFTIME 1
| #define HAVE_ARPA_INET_H 1
| #define HAVE_ASSERT_H 1
| #define HAVE_ERRNO_H 1
| #define HAVE_GRP_H 1
| #define HAVE_LIMITS_H 1
| #define HAVE_NETDB_H 1
| #define HAVE_NETINET_IN_H 1
| #define HAVE_NETINET_TCP_H 1
| #define HAVE_PTHREAD_H 1
| #define HAVE_PWD_H 1
| #define HAVE_SIGNAL_H 1
| #define HAVE_STDARG_H 1
| #define HAVE_STDINT_H 1
| #define HAVE_STDIO_H 1
| #define HAVE_STDLIB_H 1
| #define HAVE_STRING_H 1
| /* end confdefs.h.  */
| #include <sys/inttypes.h>
configure:5667: result: no
configure:5695: checking for sys/inttypes.h
configure:5704: result: no
configure:5589: checking sys/ioctl.h usability
configure:5606: gcc -c -g -O2 -Wall  conftest.c >&5
configure:5613: $? = 0
configure:5627: result: yes
configure:5631: checking sys/ioctl.h presence
configure:5646: gcc -E  conftest.c
configure:5653: $? = 0
configure:5667: result: yes
configure:5695: checking for sys/ioctl.h
configure:5704: result: yes
configure:5589: checking sys/param.h usability
configure:5606: gcc -c -g -O2 -Wall  conftest.c >&5
configure:5613: $? = 0
configure:5627: result: yes
configure:5631: checking sys/param.h presence
configure:5646: gcc -E  conftest.c
configure:5653: $? = 0
configure:5667: result: yes
configure:5695: checking for sys/param.h
configure:5704: result: yes
configure:5589: checking sys/socket.h usability
configure:5606: gcc -c -g -O2 -Wall  conftest.c >&5
configure:5613: $? = 0
configure:5627: result: yes
configure:5631: checking sys/socket.h presence
configure:5646: gcc -E  conftest.c
configure:5653: $? = 0
configure:5667: result: yes
configure:5695: checking for sys/socket.h
configure:5704: result: yes
configure:5578: checking for sys/stat.h
configure:5585: result: yes
configure:5589: checking sys/time.h usability
configure:5606: gcc -c -g -O2 -Wall  conftest.c >&5
configure:5613: $? = 0
configure:5627: result: yes
configure:5631: checking sys/time.h presence
configure:5646: gcc -E  conftest.c
configure:5653: $? = 0
configure:5667: result: yes
configure:5695: checking for sys/time.h
configure:5704: result: yes
configure:5589: checking sys/timeb.h usability
configure:5606: gcc -c -g -O2 -Wall  conftest.c >&5
configure:5613: $? = 0
configure:5627: result: yes
configure:5631: checking sys/timeb.h presence
configure:5646: gcc -E  conftest.c
configure:5653: $? = 0
configure:5667: result: yes
configure:5695: checking for sys/timeb.h
configure:5704: result: yes
configure:5578: checking for sys/types.h
configure:5585: result: yes
configure:5589: checking sys/uio.h usability
configure:5606: gcc -c -g -O2 -Wall  conftest.c >&5
configure:5613: $? = 0
configure:5627: result: yes
configure:5631: checking sys/uio.h presence
configure:5646: gcc -E  conftest.c
configure:5653: $? = 0
configure:5667: result: yes
configure:5695: checking for sys/uio.h
configure:5704: result: yes
configure:5589: checking sys/un.h usability
configure:5606: gcc -c -g -O2 -Wall  conftest.c >&5
configure:5613: $? = 0
configure:5627: result: yes
configure:5631: checking sys/un.h presence
configure:5646: gcc -E  conftest.c
configure:5653: $? = 0
configure:5667: result: yes
configure:5695: checking for sys/un.h
configure:5704: result: yes
configure:5589: checking sys/filio.h usability
configure:5606: gcc -c -g -O2 -Wall  conftest.c >&5
conftest.c:81:23: error: sys/filio.h: No such file or directory
configure:5613: $? = 1
configure: failed program was:
| /* confdefs.h.  */
| #define PACKAGE_NAME "Spread_Util"
| #define PACKAGE_TARNAME "spread_util"
| #define PACKAGE_VERSION "4.2.0"
| #define PACKAGE_STRING "Spread_Util 4.2.0"
| #define PACKAGE_BUGREPORT ""
| #define STDC_HEADERS 1
| #define HAVE_SYS_TYPES_H 1
| #define HAVE_SYS_STAT_H 1
| #define HAVE_STDLIB_H 1
| #define HAVE_STRING_H 1
| #define HAVE_MEMORY_H 1
| #define HAVE_STRINGS_H 1
| #define HAVE_INTTYPES_H 1
| #define HAVE_STDINT_H 1
| #define HAVE_UNISTD_H 1
| #define HAVE_LIBPTHREAD 1
| #define HAVE_PTHREAD_ATFORK 1
| #define HAVE_LIBNSL 1
| #define HAVE_LIBM 1
| #define HAVE_STRFTIME 1
| #define HAVE_ARPA_INET_H 1
| #define HAVE_ASSERT_H 1
| #define HAVE_ERRNO_H 1
| #define HAVE_GRP_H 1
| #define HAVE_LIMITS_H 1
| #define HAVE_NETDB_H 1
| #define HAVE_NETINET_IN_H 1
| #define HAVE_NETINET_TCP_H 1
| #define HAVE_PTHREAD_H 1
| #define HAVE_PWD_H 1
| #define HAVE_SIGNAL_H 1
| #define HAVE_STDARG_H 1
| #define HAVE_STDINT_H 1
| #define HAVE_STDIO_H 1
| #define HAVE_STDLIB_H 1
| #define HAVE_STRING_H 1
| #define HAVE_SYS_IOCTL_H 1
| #define HAVE_SYS_PARAM_H 1
| #define HAVE_SYS_SOCKET_H 1
| #define HAVE_SYS_STAT_H 1
| #define HAVE_SYS_TIME_H 1
| #define HAVE_SYS_TIMEB_H 1
| #define HAVE_SYS_TYPES_H 1
| #define HAVE_SYS_UIO_H 1
| #define HAVE_SYS_UN_H 1
| /* end confdefs.h.  */
| #include <stdio.h>
| #ifdef HAVE_SYS_TYPES_H
| # include <sys/types.h>
| #endif
| #ifdef HAVE_SYS_STAT_H
| # include <sys/stat.h>
| #endif
| #ifdef STDC_HEADERS
| # include <stdlib.h>
| # include <stddef.h>
| #else
| # ifdef HAVE_STDLIB_H
| #  include <stdlib.h>
| # endif
| #endif
| #ifdef HAVE_STRING_H
| # if !defined STDC_HEADERS && defined HAVE_MEMORY_H
| #  include <memory.h>
| # endif
| # include <string.h>
| #endif
| #ifdef HAVE_STRINGS_H
| # include <strings.h>
| #endif
| #ifdef HAVE_INTTYPES_H
| # include <inttypes.h>
| #endif
| #ifdef HAVE_STDINT_H
| # include <stdint.h>
| #endif
| #ifdef HAVE_UNISTD_H
| # include <unistd.h>
| #endif
| #include <sys/filio.h>
configure:5627: result: no
configure:5631: checking sys/filio.h presence
configure:5646: gcc -E  conftest.c
conftest.c:48:23: error: sys/filio.h: No such file or directory
configure:5653: $? = 1
configure: failed program was:
| /* confdefs.h.  */
| #define PACKAGE_NAME "Spread_Util"
| #define PACKAGE_TARNAME "spread_util"
| #define PACKAGE_VERSION "4.2.0"
| #define PACKAGE_STRING "Spread_Util 4.2.0"
| #define PACKAGE_BUGREPORT ""
| #define STDC_HEADERS 1
| #define HAVE_SYS_TYPES_H 1
| #define HAVE_SYS_STAT_H 1
| #define HAVE_STDLIB_H 1
| #define HAVE_STRING_H 1
| #define HAVE_MEMORY_H 1
| #define HAVE_STRINGS_H 1
| #define HAVE_INTTYPES_H 1
| #define HAVE_STDINT_H 1
| #define HAVE_UNISTD_H 1
| #define HAVE_LIBPTHREAD 1
| #define HAVE_PTHREAD_ATFORK 1
| #define HAVE_LIBNSL 1
| #define HAVE_LIBM 1
| #define HAVE_STRFTIME 1
| #define HAVE_ARPA_INET_H 1
| #define HAVE_ASSERT_H 1
| #define HAVE_ERRNO_H 1
| #define HAVE_GRP_H 1
| #define HAVE_LIMITS_H 1
| #define HAVE_NETDB_H 1
| #define HAVE_NETINET_IN_H 1
| #define HAVE_NETINET_TCP_H 1
| #define HAVE_PTHREAD_H 1
| #define HAVE_PWD_H 1
| #define HAVE_SIGNAL_H 1
| #define HAVE_STDARG_H 1
| #define HAVE_STDINT_H 1
| #define HAVE_STDIO_H 1
| #define HAVE_STDLIB_H 1
| #define HAVE_STRING_H 1
| #define HAVE_SYS_IOCTL_H 1
| #define HAVE_SYS_PARAM_H 1
| #define HAVE_SYS_SOCKET_H 1
| #define HAVE_SYS_STAT_H 1
| #define HAVE_SYS_TIME_H 1
| #define HAVE_SYS_TIMEB_H 1
| #define HAVE_SYS_TYPES_H 1
| #define HAVE_SYS_UIO_H 1
| #define HAVE_SYS_UN_H 1
| /* end confdefs.h.  */
| #include <sys/filio.h>
configure:5667: result: no
configure:5695: checking for sys/filio.h
configure:5704: result: no
configure:5589: checking time.h usability
configure:5606: gcc -c -g -O2 -Wall  conftest.c >&5
configure:5613: $? = 0
configure:5627: result: yes
configure:5631: checking time.h presence
configure:5646: gcc -E  conftest.c
configure:5653: $? = 0
configure:5667: result: yes
configure:5695: checking for time.h
configure:5704: result: yes
configure:5578: checking for unistd.h
configure:5585: result: yes
configure:5589: checking windows.h usability
configure:5606: gcc -c -g -O2 -Wall  conftest.c >&5
conftest.c:83:21: error: windows.h: No such file or directory
configure:5613: $? = 1
configure: failed program was:
| /* confdefs.h.  */
| #define PACKAGE_NAME "Spread_Util"
| #define PACKAGE_TARNAME "spread_util"
| #define PACKAGE_VERSION "4.2.0"
| #define PACKAGE_STRING "Spread_Util 4.2.0"
| #define PACKAGE_BUGREPORT ""
| #define STDC_HEADERS 1
| #define HAVE_SYS_TYPES_H 1
| #define HAVE_SYS_STAT_H 1
| #define HAVE_STDLIB_H 1
| #define HAVE_STRING_H 1
| #define HAVE_MEMORY_H 1
| #define HAVE_STRINGS_H 1
| #define HAVE_INTTYPES_H 1
| #define HAVE_STDINT_H 1
| #define HAVE_UNISTD_H 1
| #define HAVE_LIBPTHREAD 1
| #define HAVE_PTHREAD_ATFORK 1
| #define HAVE_LIBNSL 1
| #define HAVE_LIBM 1
| #define HAVE_STRFTIME 1
| #define HAVE_ARPA_INET_H 1
| #define HAVE_ASSERT_H 1
| #define HAVE_ERRNO_H 1
| #define HAVE_GRP_H 1
| #define HAVE_LIMITS_H 1
| #define HAVE_NETDB_H 1
| #define HAVE_NETINET_IN_H 1
| #define HAVE_NETINET_TCP_H 1
| #define HAVE_PTHREAD_H 1
| #define HAVE_PWD_H 1
| #define HAVE_SIGNAL_H 1
| #define HAVE_STDARG_H 1
| #define HAVE_STDINT_H 1
| #define HAVE_STDIO_H 1
| #define HAVE_STDLIB_H 1
| #define HAVE_STRING_H 1
| #define HAVE_SYS_IOCTL_H 1
| #define HAVE_SYS_PARAM_H 1
| #define HAVE_SYS_SOCKET_H 1
| #define HAVE_SYS_STAT_H 1
| #define HAVE_SYS_TIME_H 1
| #define HAVE_SYS_TIMEB_H 1
| #define HAVE_SYS_TYPES_H 1
| #define HAVE_SYS_UIO_H 1
| #define HAVE_SYS_UN_H 1
| #define HAVE_TIME_H 1
| #define HAVE_UNISTD_H 1
| /* end confdefs.h.  */
| #include <stdio.h>
| #ifdef HAVE_SYS_TYPES_H
| # include <sys/types.h>
| #endif
| #ifdef HAVE_SYS_STAT_H
| # include <sys/stat.h>
| #endif
| #ifdef STDC_HEADERS
| # include <stdlib.h>
| # include <stddef.h>
| #else
| # ifdef HAVE_STDLIB_H
| #  include <stdlib.h>
| # endif
| #endif
| #ifdef HAVE_STRING_H
| # if !defined STDC_HEADERS && defined HAVE_MEMORY_H
| #  include <memory.h>
| # endif
| # include <string.h>
| #endif
| #ifdef HAVE_STRINGS_H
| # include <strings.h>
| #endif
| #ifdef HAVE_INTTYPES_H
| # include <inttypes.h>
| #endif
| #ifdef HAVE_STDINT_H
| # include <stdint.h>
| #endif
| #ifdef HAVE_UNISTD_H
| # include <unistd.h>
| #endif
| #include <windows.h>
configure:5627: result: no
configure:5631: checking windows.h presence
configure:5646: gcc -E  conftest.c
conftest.c:50:21: error: windows.h: No such file or directory
configure:5653: $? = 1
configure: failed program was:
| /* confdefs.h.  */
| #define PACKAGE_NAME "Spread_Util"
| #define PACKAGE_TARNAME "spread_util"
| #define PACKAGE_VERSION "4.2.0"
| #define PACKAGE_STRING "Spread_Util 4.2.0"
| #define PACKAGE_BUGREPORT ""
| #define STDC_HEADERS 1
| #define HAVE_SYS_TYPES_H 1
| #define HAVE_SYS_STAT_H 1
| #define HAVE_STDLIB_H 1
| #define HAVE_STRING_H 1
| #define HAVE_MEMORY_H 1
| #define HAVE_STRINGS_H 1
| #define HAVE_INTTYPES_H 1
| #define HAVE_STDINT_H 1
| #define HAVE_UNISTD_H 1
| #define HAVE_LIBPTHREAD 1
| #define HAVE_PTHREAD_ATFORK 1
| #define HAVE_LIBNSL 1
| #define HAVE_LIBM 1
| #define HAVE_STRFTIME 1
| #define HAVE_ARPA_INET_H 1
| #define HAVE_ASSERT_H 1
| #define HAVE_ERRNO_H 1
| #define HAVE_GRP_H 1
| #define HAVE_LIMITS_H 1
| #define HAVE_NETDB_H 1
| #define HAVE_NETINET_IN_H 1
| #define HAVE_NETINET_TCP_H 1
| #define HAVE_PTHREAD_H 1
| #define HAVE_PWD_H 1
| #define HAVE_SIGNAL_H 1
| #define HAVE_STDARG_H 1
| #define HAVE_STDINT_H 1
| #define HAVE_STDIO_H 1
| #define HAVE_STDLIB_H 1
| #define HAVE_STRING_H 1
| #define HAVE_SYS_IOCTL_H 1
| #define HAVE_SYS_PARAM_H 1
| #define HAVE_SYS_SOCKET_H 1
| #define HAVE_SYS_STAT_H 1
| #define HAVE_SYS_TIME_H 1
| #define HAVE_SYS_TIMEB_H 1
| #define HAVE_SYS_TYPES_H 1
| #define HAVE_SYS_UIO_H 1
| #define HAVE_SYS_UN_H 1
| #define HAVE_TIME_H 1
| #define HAVE_UNISTD_H 1
| /* end confdefs.h.  */
| #include <windows.h>
configure:5667: result: no
configure:5695: checking for windows.h
configure:5704: result: no
configure:5589: checking winsock.h usability
configure:5606: gcc -c -g -O2 -Wall  conftest.c >&5
conftest.c:83:21: error: winsock.h: No such file or directory
configure:5613: $? = 1
configure: failed program was:
| /* confdefs.h.  */
| #define PACKAGE_NAME "Spread_Util"
| #define PACKAGE_TARNAME "spread_util"
| #define PACKAGE_VERSION "4.2.0"
| #define PACKAGE_STRING "Spread_Util 4.2.0"
| #define PACKAGE_BUGREPORT ""
| #define STDC_HEADERS 1
| #define HAVE_SYS_TYPES_H 1
| #define HAVE_SYS_STAT_H 1
| #define HAVE_STDLIB_H 1
| #define HAVE_STRING_H 1
| #define HAVE_MEMORY_H 1
| #define HAVE_STRINGS_H 1
| #define HAVE_INTTYPES_H 1
| #define HAVE_STDINT_H 1
| #define HAVE_UNISTD_H 1
| #define HAVE_LIBPTHREAD 1
| #define HAVE_PTHREAD_ATFORK 1
| #define HAVE_LIBNSL 1
| #define HAVE_LIBM 1
| #define HAVE_STRFTIME 1
| #define HAVE_ARPA_INET_H 1
| #define HAVE_ASSERT_H 1
| #define HAVE_ERRNO_H 1
| #define HAVE_GRP_H 1
| #define HAVE_LIMITS_H 1
| #define HAVE_NETDB_H 1
| #define HAVE_NETINET_IN_H 1
| #define HAVE_NETINET_TCP_H 1
| #define HAVE_PTHREAD_H 1
| #define HAVE_PWD_H 1
| #define HAVE_SIGNAL_H 1
| #define HAVE_STDARG_H 1
| #define HAVE_STDINT_H 1
| #define HAVE_STDIO_H 1
| #define HAVE_STDLIB_H 1
| #define HAVE_STRING_H 1
| #define HAVE_SYS_IOCTL_H 1
| #define HAVE_SYS_PARAM_H 1
| #define HAVE_SYS_SOCKET_H 1
| #define HAVE_SYS_STAT_H 1
| #define HAVE_SYS_TIME_H 1
| #define HAVE_SYS_TIMEB_H 1
| #define HAVE_SYS_TYPES_H 1
| #define HAVE_SYS_UIO_H 1
| #define HAVE_SYS_UN_H 1
| #define HAVE_TIME_H 1
| #define HAVE_UNISTD_H 1
| /* end confdefs.h.  */
| #include <stdio.h>
| #ifdef HAVE_SYS_TYPES_H
| # include <sys/types.h>
| #endif
| #ifdef HAVE_SYS_STAT_H
| # include <sys/stat.h>
| #endif
| #ifdef STDC_HEADERS
| # include <stdlib.h>
| # include <stddef.h>
| #else
| # ifdef HAVE_STDLIB_H
| #  include <stdlib.h>
| # endif
| #endif
| #ifdef HAVE_STRING_H
| # if !defined STDC_HEADERS && defined HAVE_MEMORY_H
| #  include <memory.h>
| # endif
| # include <string.h>
| #endif
| #ifdef HAVE_STRINGS_H
| # include <strings.h>
| #endif
| #ifdef HAVE_INTTYPES_H
| # include <inttypes.h>
| #endif
| #ifdef HAVE_STDINT_H
| # include <stdint.h>
| #endif
| #ifdef HAVE_UNISTD_H
| # include <unistd.h>
| #endif
| #include <winsock.h>
configure:5627: result: no
configure:5631: checking winsock.h presence
configure:5646: gcc -E  conftest.c
conftest.c:50:21: error: winsock.h: No such file or directory
configure:5653: $? = 1
configure: failed program was:
| /* confdefs.h.  */
| #define PACKAGE_NAME "Spread_Util"
| #define PACKAGE_TARNAME "spread_util"
| #define PACKAGE_VERSION "4.2.0"
| #define PACKAGE_STRING "Spread_Util 4.2.0"
| #define PACKAGE_BUGREPORT ""
| #define STDC_HEADERS 1
| #define HAVE_SYS_TYPES_H 1
| #define HAVE_SYS_STAT_H 1
| #define HAVE_STDLIB_H 1
| #define HAVE_STRING_H 1
| #define HAVE_MEMORY_H 1
| #define HAVE_STRINGS_H 1
| #define HAVE_INTTYPES_H 1
| #define HAVE_STDINT_H 1
| #define HAVE_UNISTD_H 1
| #define HAVE_LIBPTHREAD 1
| #define HAVE_PTHREAD_ATFORK 1
| #define HAVE_LIBNSL 1
| #define HAVE_LIBM 1
| #define HAVE_STRFTIME 1
| #define HAVE_ARPA_INET_H 1
| #define HAVE_ASSERT_H 1
| #define HAVE_ERRNO_H 1
| #define HAVE_GRP_H 1
| #define HAVE_LIMITS_H 1
| #define HAVE_NETDB_H 1
| #define HAVE_NETINET_IN_H 1
| #define HAVE_NETINET_TCP_H 1
| #define HAVE_PTHREAD_H 1
| #define HAVE_PWD_H 1
| #define HAVE_SIGNAL_H 1
| #define HAVE_STDARG_H 1
| #define HAVE_STDINT_H 1
| #define HAVE_STDIO_H 1
| #define HAVE_STDLIB_H 1
| #define HAVE_STRING_H 1
| #define HAVE_SYS_IOCTL_H 1
| #define HAVE_SYS_PARAM_H 1
| #define HAVE_SYS_SOCKET_H 1
| #define HAVE_SYS_STAT_H 1
| #define HAVE_SYS_TIME_H 1
| #define HAVE_SYS_TIMEB_H 1
| #define HAVE_SYS_TYPES_H 1
| #define HAVE_SYS_UIO_H 1
| #define HAVE_SYS_UN_H 1
| #define HAVE_TIME_H 1
| #define HAVE_UNISTD_H 1
| /* end confdefs.h.  */
| #include <winsock.h>
configure:5667: result: no
configure:5695: checking for winsock.h
configure:5704: result: no
configure:5731: checking for bcopy
configure:5787: gcc -o conftest -g -O2 -Wall   conftest.c -lm -lrt -lnsl  >&5
conftest.c:73: warning: conflicting types for built-in function 'bcopy'
configure:5794: $? = 0
configure:5816: result: yes
configure:5731: checking for inet_aton
configure:5787: gcc -o conftest -g -O2 -Wall   conftest.c -lm -lrt -lnsl  >&5
configure:5794: $? = 0
configure:5816: result: yes
configure:5731: checking for inet_ntoa
configure:5787: gcc -o conftest -g -O2 -Wall   conftest.c -lm -lrt -lnsl  >&5
configure:5794: $? = 0
configure:5816: result: yes
configure:5731: checking for inet_ntop
configure:5787: gcc -o conftest -g -O2 -Wall   conftest.c -lm -lrt -lnsl  >&5
configure:5794: $? = 0
configure:5816: result: yes
configure:5731: checking for memmove
configure:5787: gcc -o conftest -g -O2 -Wall   conftest.c -lm -lrt -lnsl  >&5
conftest.c:77: warning: conflicting types for built-in function 'memmove'
configure:5794: $? = 0
configure:5816: result: yes
configure:5731: checking for setsid
configure:5787: gcc -o conftest -g -O2 -Wall   conftest.c -lm -lrt -lnsl  >&5
configure:5794: $? = 0
configure:5816: result: yes
configure:5731: checking for snprintf
configure:5787: gcc -o conftest -g -O2 -Wall   conftest.c -lm -lrt -lnsl  >&5
conftest.c:79: warning: conflicting types for built-in function 'snprintf'
configure:5794: $? = 0
configure:5816: result: yes
configure:5731: checking for strerror
configure:5787: gcc -o conftest -g -O2 -Wall   conftest.c -lm -lrt -lnsl  >&5
configure:5794: $? = 0
configure:5816: result: yes
configure:5731: checking for lrand48
configure:5787: gcc -o conftest -g -O2 -Wall   conftest.c -lm -lrt -lnsl  >&5
configure:5794: $? = 0
configure:5816: result: yes
configure:5832: checking for gettimeofday
configure:5888: gcc -o conftest -g -O2 -Wall   conftest.c -lm -lrt -lnsl  >&5
configure:5895: $? = 0
configure:5917: result: yes
configure:5832: checking for time
configure:5888: gcc -o conftest -g -O2 -Wall   conftest.c -lm -lrt -lnsl  >&5
configure:5895: $? = 0
configure:5917: result: yes
configure:5930: checking for clock_gettime(CLOCK_MONOTONIC)
configure:5957: gcc -c -g -O2 -Wall  conftest.c >&5
configure:5964: $? = 0
configure:5981: result: yes
configure:5992: checking for library containing dladdr
configure:6033: gcc -o conftest -g -O2 -Wall   conftest.c -lm -lrt -lnsl  >&5
/tmp/ccmm8j5S.o: In function `main':
/home/platania/next_prime/libspread-util/conftest.c:73: undefined reference to `dladdr'
collect2: ld returned 1 exit status
configure:6040: $? = 1
configure: failed program was:
| /* confdefs.h.  */
| #define PACKAGE_NAME "Spread_Util"
| #define PACKAGE_TARNAME "spread_util"
| #define PACKAGE_VERSION "4.2.0"
| #define PACKAGE_STRING "Spread_Util 4.2.0"
| #define PACKAGE_BUGREPORT ""
| #define STDC_HEADERS 1
| #define HAVE_SYS_TYPES_H 1
| #define HAVE_SYS_STAT_H 1
| #define HAVE_STDLIB_H 1
| #define HAVE_STRING_H 1
| #define HAVE_MEMORY_H 1
| #define HAVE_STRINGS_H 1
| #define HAVE_INTTYPES_H 1
| #define HAVE_STDINT_H 1
| #define HAVE_UNISTD_H 1
| #define HAVE_LIBPTHREAD 1
| #define HAVE_PTHREAD_ATFORK 1
| #define HAVE_LIBNSL 1
| #define HAVE_LIBM 1
| #define HAVE_STRFTIME 1
| #define HAVE_ARPA_INET_H 1
| #define HAVE_ASSERT_H 1
| #define HAVE_ERRNO_H 1
| #define HAVE_GRP_H 1
| #define HAVE_LIMITS_H 1
| #define HAVE_NETDB_H 1
| #define HAVE_NETINET_IN_H 1
| #define HAVE_NETINET_TCP_H 1
| #define HAVE_PTHREAD_H 1
| #define HAVE_PWD_H 1
| #define HAVE_SIGNAL_H 1
| #define HAVE_STDARG_H 1
| #define HAVE_STDINT_H 1
| #define HAVE_STDIO_H 1
| #define HAVE_STDLIB_H 1
| #define HAVE_STRING_H 1
| #define HAVE_SYS_IOCTL_H 1
| #define HAVE_SYS_PARAM_H 1
| #define HAVE_SYS_SOCKET_H 1
| #define HAVE_SYS_STAT_H 1
| #define HAVE_SYS_TIME_H 1
| #define HAVE_SYS_TIMEB_H 1
| #define HAVE_SYS_TYPES_H 1
| #define HAVE_SYS_UIO_H 1
| #define HAVE_SYS_UN_H 1
| #define HAVE_TIME_H 1
| #define HAVE_UNISTD_H 1
| #define HAVE_BCOPY 1
| #define HAVE_INET_ATON 1
| #define HAVE_INET_NTOA 1
| #define HAVE_INET_NTOP 1
| #define HAVE_MEMMOVE 1
| #define HAVE_SETSID 1
| #define HAVE_SNPRINTF 1
| #define HAVE_STRERROR 1
| #define HAVE_LRAND48 1
| #define HAVE_GETTIMEOFDAY 1
| #define HAVE_TIME 1
| #define HAVE_CLOCK_GETTIME_CLOCK_MONOTONIC 1
| /* end confdefs.h.  */
| 
| /* Override any GCC internal prototype to avoid an error.
|    Use char because int might match the return type of a GCC
|    builtin and then its argument prototype would still apply.  */
| #ifdef __cplusplus
| extern "C"
| #endif
| char dladdr ();
| int
| main ()
| {
| return dladdr ();
|   ;
|   return 0;
| }
configure:6033: gcc -o conftest -g -O2 -Wall   conftest.c -ldl  -lm -lrt -lnsl  >&5
configure:6040: $? = 0
configure:6071: result: -ldl
configure:6086: checking for dladdr
configure:6117: gcc -c -g -O2 -Wall  conftest.c >&5
configure:6124: $? = 0
configure:6141: result: yes
configure:6154: checking whether snprintf correctly terminates long strings
configure:6180: gcc -o conftest -g -O2 -Wall   conftest.c -ldl -lm -lrt -lnsl  >&5
configure:6184: $? = 0
configure:6190: ./conftest
configure:6194: $? = 0
configure:6196: result: yes
configure:6234: checking size of char
configure:6537: gcc -o conftest -g -O2 -Wall   conftest.c -ldl -lm -lrt -lnsl  >&5
configure:6541: $? = 0
configure:6547: ./conftest
configure:6551: $? = 0
configure:6575: result: 1
configure:6589: checking size of short int
configure:6892: gcc -o conftest -g -O2 -Wall   conftest.c -ldl -lm -lrt -lnsl  >&5
configure:6896: $? = 0
configure:6902: ./conftest
configure:6906: $? = 0
configure:6930: result: 2
configure:6944: checking size of int
configure:7247: gcc -o conftest -g -O2 -Wall   conftest.c -ldl -lm -lrt -lnsl  >&5
configure:7251: $? = 0
configure:7257: ./conftest
configure:7261: $? = 0
configure:7285: result: 4
configure:7299: checking size of long int
configure:7602: gcc -o conftest -g -O2 -Wall   conftest.c -ldl -lm -lrt -lnsl  >&5
configure:7606: $? = 0
configure:7612: ./conftest
configure:7616: $? = 0
configure:7640: result: 8
configure:7654: checking size of long long int
configure:7957: gcc -o conftest -g -O2 -Wall   conftest.c -ldl -lm -lrt -lnsl  >&5
configure:7961: $? = 0
configure:7967: ./conftest
configure:7971: $? = 0
configure:7995: result: 8
configure:8007: checking for windows arch
configure:8034: gcc -c -g -O2 -Wall  conftest.c >&5
conftest.c:68:22: error: process.h: No such file or directory
conftest.c: In function 'main':
conftest.c:72: error: 'CRITICAL_SECTION' undeclared (first use in this function)
conftest.c:72: error: (Each undeclared identifier is reported only once
conftest.c:72: error: for each function it appears in.)
conftest.c:72: error: expected ';' before 'mutex'
conftest.c:72: warning: implicit declaration of function 'InitializeCriticalSection'
conftest.c:72: error: 'mutex' undeclared (first use in this function)
configure:8041: $? = 1
configure: failed program was:
| /* confdefs.h.  */
| #define PACKAGE_NAME "Spread_Util"
| #define PACKAGE_TARNAME "spread_util"
| #define PACKAGE_VERSION "4.2.0"
| #define PACKAGE_STRING "Spread_Util 4.2.0"
| #define PACKAGE_BUGREPORT ""
| #define STDC_HEADERS 1
| #define HAVE_SYS_TYPES_H 1
| #define HAVE_SYS_STAT_H 1
| #define HAVE_STDLIB_H 1
| #define HAVE_STRING_H 1
| #define HAVE_MEMORY_H 1
| #define HAVE_STRINGS_H 1
| #define HAVE_INTTYPES_H 1
| #define HAVE_STDINT_H 1
| #define HAVE_UNISTD_H 1
| #define HAVE_LIBPTHREAD 1
| #define HAVE_PTHREAD_ATFORK 1
| #define HAVE_LIBNSL 1
| #define HAVE_LIBM 1
| #define HAVE_STRFTIME 1
| #define HAVE_ARPA_INET_H 1
| #define HAVE_ASSERT_H 1
| #define HAVE_ERRNO_H 1
| #define HAVE_GRP_H 1
| #define HAVE_LIMITS_H 1
| #define HAVE_NETDB_H 1
| #define HAVE_NETINET_IN_H 1
| #define HAVE_NETINET_TCP_H 1
| #define HAVE_PTHREAD_H 1
| #define HAVE_PWD_H 1
| #define HAVE_SIGNAL_H 1
| #define HAVE_STDARG_H 1
| #define HAVE_STDINT_H 1
| #define HAVE_STDIO_H 1
| #define HAVE_STDLIB_H 1
| #define HAVE_STRING_H 1
| #define HAVE_SYS_IOCTL_H 1
| #define HAVE_SYS_PARAM_H 1
| #define HAVE_SYS_SOCKET_H 1
| #define HAVE_SYS_STAT_H 1
| #define HAVE_SYS_TIME_H 1
| #define HAVE_SYS_TIMEB_H 1
| #define HAVE_SYS_TYPES_H 1
| #define HAVE_SYS_UIO_H 1
| #define HAVE_SYS_UN_H 1
| #define HAVE_TIME_H 1
| #define HAVE_UNISTD_H 1
| #define HAVE_BCOPY 1
| #define HAVE_INET_ATON 1
| #define HAVE_INET_NTOA 1
| #define HAVE_INET_NTOP 1
| #define HAVE_MEMMOVE 1
| #define HAVE_SETSID 1
| #define HAVE_SNPRINTF 1
| #define HAVE_STRERROR 1
| #define HAVE_LRAND48 1
| #define HAVE_GETTIMEOFDAY 1
| #define HAVE_TIME 1
| #define HAVE_CLOCK_GETTIME_CLOCK_MONOTONIC 1
| #define HAVE_DLADDR 1
| #define SIZEOF_CHAR 1
| #define SIZEOF_SHORT_INT 2
| #define SIZEOF_INT 4
| #define SIZEOF_LONG_INT 8
| #define SIZEOF_LONG_LONG_INT 8
| /* end confdefs.h.  */
|  #include <process.h>
| int
| main ()
| {
|  CRITICAL_SECTION mutex; InitializeCriticalSection(mutex);
|   ;
|   return 0;
| }
configure:8058: result: no
configure:8068: checking for struct timezone type
configure:8097: gcc -c -g -O2 -Wall  conftest.c >&5
conftest.c: In function 'main':
conftest.c:74: warning: unused variable 'opt'
configure:8104: $? = 0
configure:8121: result: yes
configure:8131: checking for struct sockopt_len_t type
configure:8159: gcc -c -g -O2 -Wall  conftest.c >&5
conftest.c: In function 'main':
conftest.c:74: error: expected '=', ',', ';', 'asm' or '__attribute__' before 'opt'
conftest.c:74: error: 'opt' undeclared (first use in this function)
conftest.c:74: error: (Each undeclared identifier is reported only once
conftest.c:74: error: for each function it appears in.)
configure:8166: $? = 1
configure: failed program was:
| /* confdefs.h.  */
| #define PACKAGE_NAME "Spread_Util"
| #define PACKAGE_TARNAME "spread_util"
| #define PACKAGE_VERSION "4.2.0"
| #define PACKAGE_STRING "Spread_Util 4.2.0"
| #define PACKAGE_BUGREPORT ""
| #define STDC_HEADERS 1
| #define HAVE_SYS_TYPES_H 1
| #define HAVE_SYS_STAT_H 1
| #define HAVE_STDLIB_H 1
| #define HAVE_STRING_H 1
| #define HAVE_MEMORY_H 1
| #define HAVE_STRINGS_H 1
| #define HAVE_INTTYPES_H 1
| #define HAVE_STDINT_H 1
| #define HAVE_UNISTD_H 1
| #define HAVE_LIBPTHREAD 1
| #define HAVE_PTHREAD_ATFORK 1
| #define HAVE_LIBNSL 1
| #define HAVE_LIBM 1
| #define HAVE_STRFTIME 1
| #define HAVE_ARPA_INET_H 1
| #define HAVE_ASSERT_H 1
| #define HAVE_ERRNO_H 1
| #define HAVE_GRP_H 1
| #define HAVE_LIMITS_H 1
| #define HAVE_NETDB_H 1
| #define HAVE_NETINET_IN_H 1
| #define HAVE_NETINET_TCP_H 1
| #define HAVE_PTHREAD_H 1
| #define HAVE_PWD_H 1
| #define HAVE_SIGNAL_H 1
| #define HAVE_STDARG_H 1
| #define HAVE_STDINT_H 1
| #define HAVE_STDIO_H 1
| #define HAVE_STDLIB_H 1
| #define HAVE_STRING_H 1
| #define HAVE_SYS_IOCTL_H 1
| #define HAVE_SYS_PARAM_H 1
| #define HAVE_SYS_SOCKET_H 1
| #define HAVE_SYS_STAT_H 1
| #define HAVE_SYS_TIME_H 1
| #define HAVE_SYS_TIMEB_H 1
| #define HAVE_SYS_TYPES_H 1
| #define HAVE_SYS_UIO_H 1
| #define HAVE_SYS_UN_H 1
| #define HAVE_TIME_H 1
| #define HAVE_UNISTD_H 1
| #define HAVE_BCOPY 1
| #define HAVE_INET_ATON 1
| #define HAVE_INET_NTOA 1
| #define HAVE_INET_NTOP 1
| #define HAVE_MEMMOVE 1
| #define HAVE_SETSID 1
| #define HAVE_SNPRINTF 1
| #define HAVE_STRERROR 1
| #define HAVE_LRAND48 1
| #define HAVE_GETTIMEOFDAY 1
| #define HAVE_TIME 1
| #define HAVE_CLOCK_GETTIME_CLOCK_MONOTONIC 1
| #define HAVE_DLADDR 1
| #define SIZEOF_CHAR 1
| #define SIZEOF_SHORT_INT 2
| #define SIZEOF_INT 4
| #define SIZEOF_LONG_INT 8
| #define SIZEOF_LONG_LONG_INT 8
| #define HAVE_STRUCT_TIMEZONE 1
| /* end confdefs.h.  */
|  #include <sys/types.h>
| 		  #include <sys/socket.h>
| int
| main ()
| {
|  static sockopt_len_t opt; opt=0;
|   ;
|   return 0;
| }
configure:8183: result: no
configure:8193: checking for struct msghdr type
configure:8221: gcc -c -g -O2 -Wall  conftest.c >&5
configure:8228: $? = 0
configure:8245: result: yes
configure:8255: checking for struct msghdr accrights
configure:8283: gcc -c -g -O2 -Wall  conftest.c >&5
conftest.c: In function 'main':
conftest.c:74: error: 'struct msghdr' has no member named 'msg_accrightslen'
configure:8290: $? = 1
configure: failed program was:
| /* confdefs.h.  */
| #define PACKAGE_NAME "Spread_Util"
| #define PACKAGE_TARNAME "spread_util"
| #define PACKAGE_VERSION "4.2.0"
| #define PACKAGE_STRING "Spread_Util 4.2.0"
| #define PACKAGE_BUGREPORT ""
| #define STDC_HEADERS 1
| #define HAVE_SYS_TYPES_H 1
| #define HAVE_SYS_STAT_H 1
| #define HAVE_STDLIB_H 1
| #define HAVE_STRING_H 1
| #define HAVE_MEMORY_H 1
| #define HAVE_STRINGS_H 1
| #define HAVE_INTTYPES_H 1
| #define HAVE_STDINT_H 1
| #define HAVE_UNISTD_H 1
| #define HAVE_LIBPTHREAD 1
| #define HAVE_PTHREAD_ATFORK 1
| #define HAVE_LIBNSL 1
| #define HAVE_LIBM 1
| #define HAVE_STRFTIME 1
| #define HAVE_ARPA_INET_H 1
| #define HAVE_ASSERT_H 1
| #define HAVE_ERRNO_H 1
| #define HAVE_GRP_H 1
| #define HAVE_LIMITS_H 1
| #define HAVE_NETDB_H 1
| #define HAVE_NETINET_IN_H 1
| #define HAVE_NETINET_TCP_H 1
| #define HAVE_PTHREAD_H 1
| #define HAVE_PWD_H 1
| #define HAVE_SIGNAL_H 1
| #define HAVE_STDARG_H 1
| #define HAVE_STDINT_H 1
| #define HAVE_STDIO_H 1
| #define HAVE_STDLIB_H 1
| #define HAVE_STRING_H 1
| #define HAVE_SYS_IOCTL_H 1
| #define HAVE_SYS_PARAM_H 1
| #define HAVE_SYS_SOCKET_H 1
| #define HAVE_SYS_STAT_H 1
| #define HAVE_SYS_TIME_H 1
| #define HAVE_SYS_TIMEB_H 1
| #define HAVE_SYS_TYPES_H 1
| #define HAVE_SYS_UIO_H 1
| #define HAVE_SYS_UN_H 1
| #define HAVE_TIME_H 1
| #define HAVE_UNISTD_H 1
| #define HAVE_BCOPY 1
| #define HAVE_INET_ATON 1
| #define HAVE_INET_NTOA 1
| #define HAVE_INET_NTOP 1
| #define HAVE_MEMMOVE 1
| #define HAVE_SETSID 1
| #define HAVE_SNPRINTF 1
| #define HAVE_STRERROR 1
| #define HAVE_LRAND48 1
| #define HAVE_GETTIMEOFDAY 1
| #define HAVE_TIME 1
| #define HAVE_CLOCK_GETTIME_CLOCK_MONOTONIC 1
| #define HAVE_DLADDR 1
| #define SIZEOF_CHAR 1
| #define SIZEOF_SHORT_INT 2
| #define SIZEOF_INT 4
| #define SIZEOF_LONG_INT 8
| #define SIZEOF_LONG_LONG_INT 8
| #define HAVE_STRUCT_TIMEZONE 1
| /* end confdefs.h.  */
|  #include <sys/types.h>
| 		  #include <sys/socket.h>
| int
| main ()
| {
|  static  struct  msghdr msg; msg.msg_accrightslen = 0;
|   ;
|   return 0;
| }
configure:8307: result: no
configure:8318: checking for struct msghdr control
configure:8346: gcc -c -g -O2 -Wall  conftest.c >&5
configure:8353: $? = 0
configure:8370: result: yes
configure:8388: checking for u_int type
configure:8415: gcc -c -g -O2 -Wall  conftest.c >&5
configure:8422: $? = 0
configure:8439: result: yes
configure:8450: checking for intXX_t types
configure:8477: gcc -c -g -O2 -Wall  conftest.c >&5
configure:8484: $? = 0
configure:8501: result: yes
configure:8512: checking for int64_t type
configure:8539: gcc -c -g -O2 -Wall  conftest.c >&5
configure:8546: $? = 0
configure:8563: result: yes
configure:8574: checking for u_intXX_t types
configure:8601: gcc -c -g -O2 -Wall  conftest.c >&5
configure:8608: $? = 0
configure:8625: result: yes
configure:8636: checking for u_int64_t types
configure:8663: gcc -c -g -O2 -Wall  conftest.c >&5
configure:8670: $? = 0
configure:8687: result: yes
configure:8831: checking for socklen_t
configure:8861: gcc -c -g -O2 -Wall  conftest.c >&5
configure:8868: $? = 0
configure:8885: result: yes
configure:8895: checking for size_t
configure:8924: gcc -c -g -O2 -Wall  conftest.c >&5
configure:8931: $? = 0
configure:8948: result: yes
configure:8958: checking for ssize_t
configure:8987: gcc -c -g -O2 -Wall  conftest.c >&5
configure:8994: $? = 0
configure:9011: result: yes
configure:9021: checking for clock_t
configure:9050: gcc -c -g -O2 -Wall  conftest.c >&5
configure:9057: $? = 0
configure:9074: result: yes
configure:9084: checking for sa_family_t
configure:9114: gcc -c -g -O2 -Wall  conftest.c >&5
configure:9121: $? = 0
configure:9184: result: yes
configure:9195: checking for struct sockaddr_storage
configure:9225: gcc -c -g -O2 -Wall  conftest.c >&5
conftest.c: In function 'main':
conftest.c:87: warning: unused variable 's'
configure:9232: $? = 0
configure:9249: result: yes
configure:9259: checking for struct sockaddr_in6
configure:9289: gcc -c -g -O2 -Wall  conftest.c >&5
configure:9296: $? = 0
configure:9313: result: yes
configure:9323: checking for struct in6_addr
configure:9353: gcc -c -g -O2 -Wall  conftest.c >&5
configure:9360: $? = 0
configure:9377: result: yes
configure:9387: checking for struct addrinfo
configure:9418: gcc -c -g -O2 -Wall  conftest.c >&5
configure:9425: $? = 0
configure:9442: result: yes
configure:9452: checking for struct timeval
configure:9479: gcc -c -g -O2 -Wall  conftest.c >&5
configure:9486: $? = 0
configure:9503: result: yes
configure:9514: checking for sun_len field in struct sockaddr_un
configure:9544: gcc -c -g -O2 -Wall  conftest.c >&5
conftest.c: In function 'main':
conftest.c:92: error: storage size of 's' isn't known
conftest.c:92: warning: unused variable 's'
configure:9551: $? = 1
configure: failed program was:
| /* confdefs.h.  */
| #define PACKAGE_NAME "Spread_Util"
| #define PACKAGE_TARNAME "spread_util"
| #define PACKAGE_VERSION "4.2.0"
| #define PACKAGE_STRING "Spread_Util 4.2.0"
| #define PACKAGE_BUGREPORT ""
| #define STDC_HEADERS 1
| #define HAVE_SYS_TYPES_H 1
| #define HAVE_SYS_STAT_H 1
| #define HAVE_STDLIB_H 1
| #define HAVE_STRING_H 1
| #define HAVE_MEMORY_H 1
| #define HAVE_STRINGS_H 1
| #define HAVE_INTTYPES_H 1
| #define HAVE_STDINT_H 1
| #define HAVE_UNISTD_H 1
| #define HAVE_LIBPTHREAD 1
| #define HAVE_PTHREAD_ATFORK 1
| #define HAVE_LIBNSL 1
| #define HAVE_LIBM 1
| #define HAVE_STRFTIME 1
| #define HAVE_ARPA_INET_H 1
| #define HAVE_ASSERT_H 1
| #define HAVE_ERRNO_H 1
| #define HAVE_GRP_H 1
| #define HAVE_LIMITS_H 1
| #define HAVE_NETDB_H 1
| #define HAVE_NETINET_IN_H 1
| #define HAVE_NETINET_TCP_H 1
| #define HAVE_PTHREAD_H 1
| #define HAVE_PWD_H 1
| #define HAVE_SIGNAL_H 1
| #define HAVE_STDARG_H 1
| #define HAVE_STDINT_H 1
| #define HAVE_STDIO_H 1
| #define HAVE_STDLIB_H 1
| #define HAVE_STRING_H 1
| #define HAVE_SYS_IOCTL_H 1
| #define HAVE_SYS_PARAM_H 1
| #define HAVE_SYS_SOCKET_H 1
| #define HAVE_SYS_STAT_H 1
| #define HAVE_SYS_TIME_H 1
| #define HAVE_SYS_TIMEB_H 1
| #define HAVE_SYS_TYPES_H 1
| #define HAVE_SYS_UIO_H 1
| #define HAVE_SYS_UN_H 1
| #define HAVE_TIME_H 1
| #define HAVE_UNISTD_H 1
| #define HAVE_BCOPY 1
| #define HAVE_INET_ATON 1
| #define HAVE_INET_NTOA 1
| #define HAVE_INET_NTOP 1
| #define HAVE_MEMMOVE 1
| #define HAVE_SETSID 1
| #define HAVE_SNPRINTF 1
| #define HAVE_STRERROR 1
| #define HAVE_LRAND48 1
| #define HAVE_GETTIMEOFDAY 1
| #define HAVE_TIME 1
| #define HAVE_CLOCK_GETTIME_CLOCK_MONOTONIC 1
| #define HAVE_DLADDR 1
| #define SIZEOF_CHAR 1
| #define SIZEOF_SHORT_INT 2
| #define SIZEOF_INT 4
| #define SIZEOF_LONG_INT 8
| #define SIZEOF_LONG_LONG_INT 8
| #define HAVE_STRUCT_TIMEZONE 1
| #define ARCH_SCATTER_CONTROL 1
| #define HAVE_U_INT 1
| #define HAVE_INTXX_T 1
| #define HAVE_INT64_T 1
| #define HAVE_U_INTXX_T 1
| #define HAVE_U_INT64_T 1
| #define HAVE_SOCKLEN_T 1
| #define HAVE_SIZE_T 1
| #define HAVE_SSIZE_T 1
| #define HAVE_CLOCK_T 1
| #define HAVE_SA_FAMILY_T 1
| #define HAVE_STRUCT_SOCKADDR_STORAGE 1
| #define HAVE_STRUCT_SOCKADDR_IN6 1
| #define HAVE_STRUCT_IN6_ADDR 1
| #define HAVE_STRUCT_ADDRINFO 1
| #define HAVE_STRUCT_TIMEVAL 1
| /* end confdefs.h.  */
| 
| #include <sys/types.h>
| #include <sys/socket.h>
| 
| int
| main ()
| {
|  struct sockaddr_un s; s.sun_len = 1;
|   ;
|   return 0;
| }
configure:9567: result: no
configure:9577: checking for sin_len field in sockaddr_in
configure:9608: gcc -c -g -O2 -Wall  conftest.c >&5
conftest.c: In function 'main':
conftest.c:93: error: 'struct sockaddr_in' has no member named 'sin_len'
configure:9615: $? = 1
configure: failed program was:
| /* confdefs.h.  */
| #define PACKAGE_NAME "Spread_Util"
| #define PACKAGE_TARNAME "spread_util"
| #define PACKAGE_VERSION "4.2.0"
| #define PACKAGE_STRING "Spread_Util 4.2.0"
| #define PACKAGE_BUGREPORT ""
| #define STDC_HEADERS 1
| #define HAVE_SYS_TYPES_H 1
| #define HAVE_SYS_STAT_H 1
| #define HAVE_STDLIB_H 1
| #define HAVE_STRING_H 1
| #define HAVE_MEMORY_H 1
| #define HAVE_STRINGS_H 1
| #define HAVE_INTTYPES_H 1
| #define HAVE_STDINT_H 1
| #define HAVE_UNISTD_H 1
| #define HAVE_LIBPTHREAD 1
| #define HAVE_PTHREAD_ATFORK 1
| #define HAVE_LIBNSL 1
| #define HAVE_LIBM 1
| #define HAVE_STRFTIME 1
| #define HAVE_ARPA_INET_H 1
| #define HAVE_ASSERT_H 1
| #define HAVE_ERRNO_H 1
| #define HAVE_GRP_H 1
| #define HAVE_LIMITS_H 1
| #define HAVE_NETDB_H 1
| #define HAVE_NETINET_IN_H 1
| #define HAVE_NETINET_TCP_H 1
| #define HAVE_PTHREAD_H 1
| #define HAVE_PWD_H 1
| #define HAVE_SIGNAL_H 1
| #define HAVE_STDARG_H 1
| #define HAVE_STDINT_H 1
| #define HAVE_STDIO_H 1
| #define HAVE_STDLIB_H 1
| #define HAVE_STRING_H 1
| #define HAVE_SYS_IOCTL_H 1
| #define HAVE_SYS_PARAM_H 1
| #define HAVE_SYS_SOCKET_H 1
| #define HAVE_SYS_STAT_H 1
| #define HAVE_SYS_TIME_H 1
| #define HAVE_SYS_TIMEB_H 1
| #define HAVE_SYS_TYPES_H 1
| #define HAVE_SYS_UIO_H 1
| #define HAVE_SYS_UN_H 1
| #define HAVE_TIME_H 1
| #define HAVE_UNISTD_H 1
| #define HAVE_BCOPY 1
| #define HAVE_INET_ATON 1
| #define HAVE_INET_NTOA 1
| #define HAVE_INET_NTOP 1
| #define HAVE_MEMMOVE 1
| #define HAVE_SETSID 1
| #define HAVE_SNPRINTF 1
| #define HAVE_STRERROR 1
| #define HAVE_LRAND48 1
| #define HAVE_GETTIMEOFDAY 1
| #define HAVE_TIME 1
| #define HAVE_CLOCK_GETTIME_CLOCK_MONOTONIC 1
| #define HAVE_DLADDR 1
| #define SIZEOF_CHAR 1
| #define SIZEOF_SHORT_INT 2
| #define SIZEOF_INT 4
| #define SIZEOF_LONG_INT 8
| #define SIZEOF_LONG_LONG_INT 8
| #define HAVE_STRUCT_TIMEZONE 1
| #define ARCH_SCATTER_CONTROL 1
| #define HAVE_U_INT 1
| #define HAVE_INTXX_T 1
| #define HAVE_INT64_T 1
| #define HAVE_U_INTXX_T 1
| #define HAVE_U_INT64_T 1
| #define HAVE_SOCKLEN_T 1
| #define HAVE_SIZE_T 1
| #define HAVE_SSIZE_T 1
| #define HAVE_CLOCK_T 1
| #define HAVE_SA_FAMILY_T 1
| #define HAVE_STRUCT_SOCKADDR_STORAGE 1
| #define HAVE_STRUCT_SOCKADDR_IN6 1
| #define HAVE_STRUCT_IN6_ADDR 1
| #define HAVE_STRUCT_ADDRINFO 1
| #define HAVE_STRUCT_TIMEVAL 1
| /* end confdefs.h.  */
| 
| #include <sys/types.h>
| #include <sys/socket.h>
| #include <netinet/in.h>
| 
| int
| main ()
| {
|  struct sockaddr_in s; s.sin_len = sizeof(s);
|   ;
|   return 0;
| }
configure:9631: result: no
configure:9641: checking for ss_family field in struct sockaddr_storage
configure:9671: gcc -c -g -O2 -Wall  conftest.c >&5
configure:9678: $? = 0
configure:9694: result: yes
configure:9704: checking for __ss_family field in struct sockaddr_storage
configure:9734: gcc -c -g -O2 -Wall  conftest.c >&5
conftest.c: In function 'main':
conftest.c:93: error: 'struct sockaddr_storage' has no member named '__ss_family'
configure:9741: $? = 1
configure: failed program was:
| /* confdefs.h.  */
| #define PACKAGE_NAME "Spread_Util"
| #define PACKAGE_TARNAME "spread_util"
| #define PACKAGE_VERSION "4.2.0"
| #define PACKAGE_STRING "Spread_Util 4.2.0"
| #define PACKAGE_BUGREPORT ""
| #define STDC_HEADERS 1
| #define HAVE_SYS_TYPES_H 1
| #define HAVE_SYS_STAT_H 1
| #define HAVE_STDLIB_H 1
| #define HAVE_STRING_H 1
| #define HAVE_MEMORY_H 1
| #define HAVE_STRINGS_H 1
| #define HAVE_INTTYPES_H 1
| #define HAVE_STDINT_H 1
| #define HAVE_UNISTD_H 1
| #define HAVE_LIBPTHREAD 1
| #define HAVE_PTHREAD_ATFORK 1
| #define HAVE_LIBNSL 1
| #define HAVE_LIBM 1
| #define HAVE_STRFTIME 1
| #define HAVE_ARPA_INET_H 1
| #define HAVE_ASSERT_H 1
| #define HAVE_ERRNO_H 1
| #define HAVE_GRP_H 1
| #define HAVE_LIMITS_H 1
| #define HAVE_NETDB_H 1
| #define HAVE_NETINET_IN_H 1
| #define HAVE_NETINET_TCP_H 1
| #define HAVE_PTHREAD_H 1
| #define HAVE_PWD_H 1
| #define HAVE_SIGNAL_H 1
| #define HAVE_STDARG_H 1
| #define HAVE_STDINT_H 1
| #define HAVE_STDIO_H 1
| #define HAVE_STDLIB_H 1
| #define HAVE_STRING_H 1
| #define HAVE_SYS_IOCTL_H 1
| #define HAVE_SYS_PARAM_H 1
| #define HAVE_SYS_SOCKET_H 1
| #define HAVE_SYS_STAT_H 1
| #define HAVE_SYS_TIME_H 1
| #define HAVE_SYS_TIMEB_H 1
| #define HAVE_SYS_TYPES_H 1
| #define HAVE_SYS_UIO_H 1
| #define HAVE_SYS_UN_H 1
| #define HAVE_TIME_H 1
| #define HAVE_UNISTD_H 1
| #define HAVE_BCOPY 1
| #define HAVE_INET_ATON 1
| #define HAVE_INET_NTOA 1
| #define HAVE_INET_NTOP 1
| #define HAVE_MEMMOVE 1
| #define HAVE_SETSID 1
| #define HAVE_SNPRINTF 1
| #define HAVE_STRERROR 1
| #define HAVE_LRAND48 1
| #define HAVE_GETTIMEOFDAY 1
| #define HAVE_TIME 1
| #define HAVE_CLOCK_GETTIME_CLOCK_MONOTONIC 1
| #define HAVE_DLADDR 1
| #define SIZEOF_CHAR 1
| #define SIZEOF_SHORT_INT 2
| #define SIZEOF_INT 4
| #define SIZEOF_LONG_INT 8
| #define SIZEOF_LONG_LONG_INT 8
| #define HAVE_STRUCT_TIMEZONE 1
| #define ARCH_SCATTER_CONTROL 1
| #define HAVE_U_INT 1
| #define HAVE_INTXX_T 1
| #define HAVE_INT64_T 1
| #define HAVE_U_INTXX_T 1
| #define HAVE_U_INT64_T 1
| #define HAVE_SOCKLEN_T 1
| #define HAVE_SIZE_T 1
| #define HAVE_SSIZE_T 1
| #define HAVE_CLOCK_T 1
| #define HAVE_SA_FAMILY_T 1
| #define HAVE_STRUCT_SOCKADDR_STORAGE 1
| #define HAVE_STRUCT_SOCKADDR_IN6 1
| #define HAVE_STRUCT_IN6_ADDR 1
| #define HAVE_STRUCT_ADDRINFO 1
| #define HAVE_STRUCT_TIMEVAL 1
| #define HAVE_SS_FAMILY_IN_SS 1
| /* end confdefs.h.  */
| 
| #include <sys/types.h>
| #include <sys/socket.h>
| 
| int
| main ()
| {
|  struct sockaddr_storage s; s.__ss_family = 1;
|   ;
|   return 0;
| }
configure:9758: result: no
configure:9768: checking for pid_t
configure:9797: gcc -c -g -O2 -Wall  conftest.c >&5
configure:9804: $? = 0
configure:9821: result: yes
configure:9831: checking if libc defines __progname
configure:9858: gcc -o conftest -g -O2 -Wall   conftest.c -ldl -lm -lrt -lnsl  >&5
conftest.c: In function 'main':
conftest.c:91: warning: implicit declaration of function 'printf'
conftest.c:91: warning: incompatible implicit declaration of built-in function 'printf'
configure:9865: $? = 0
configure:9887: result: yes
configure:9898: checking if libc defines sys_errlist
configure:9925: gcc -o conftest -g -O2 -Wall   conftest.c -ldl -lm -lrt -lnsl  >&5
conftest.c: In function 'main':
conftest.c:92: warning: implicit declaration of function 'printf'
conftest.c:92: warning: incompatible implicit declaration of built-in function 'printf'
/tmp/ccDPB37h.o: In function `main':
/home/platania/next_prime/libspread-util/conftest.c:92: warning: `sys_errlist' is deprecated; use `strerror' or `strerror_r' instead
configure:9932: $? = 0
configure:9954: result: yes
configure:9965: checking if libc defines sys_nerr
configure:9992: gcc -o conftest -g -O2 -Wall   conftest.c -ldl -lm -lrt -lnsl  >&5
conftest.c: In function 'main':
conftest.c:93: warning: implicit declaration of function 'printf'
conftest.c:93: warning: incompatible implicit declaration of built-in function 'printf'
/tmp/cce3Wujj.o: In function `main':
/home/platania/next_prime/libspread-util/conftest.c:93: warning: `sys_nerr' is deprecated; use `strerror' or `strerror_r' instead
configure:9999: $? = 0
configure:10021: result: yes
configure:10056: checking for nroff
configure:10075: found /usr/bin/nroff
configure:10087: result: /usr/bin/nroff
configure:10336: creating ./config.status

## ---------------------- ##
## Running config.status. ##
## ---------------------- ##

This file was extended by Spread_Util config.status 4.2.0, which was
generated by GNU Autoconf 2.62.  Invocation command line was

  CONFIG_FILES    = 
  CONFIG_HEADERS  = 
  CONFIG_LINKS    = 
  CONFIG_COMMANDS = 
  $ ./config.status 

on rain1

config.status:828: creating Makefile
config.status:828: creating src/Makefile
config.status:828: creating docs/Makefile
config.status:828: creating include/Makefile
config.status:828: creating src/config.h

## ---------------- ##
## Cache variables. ##
## ---------------- ##

ac_cv_arch_win=no
ac_cv_build=x86_64-unknown-linux-gnu
ac_cv_c_bigendian=no
ac_cv_c_compiler_gnu=yes
ac_cv_c_inline=inline
ac_cv_clock_gettime_monotonic=yes
ac_cv_env_CC_set=
ac_cv_env_CC_value=
ac_cv_env_CFLAGS_set=
ac_cv_env_CFLAGS_value=
ac_cv_env_CPPFLAGS_set=
ac_cv_env_CPPFLAGS_value=
ac_cv_env_CPP_set=
ac_cv_env_CPP_value=
ac_cv_env_LDFLAGS_set=
ac_cv_env_LDFLAGS_value=
ac_cv_env_LIBS_set=
ac_cv_env_LIBS_value=
ac_cv_env_build_alias_set=
ac_cv_env_build_alias_value=
ac_cv_env_host_alias_set=
ac_cv_env_host_alias_value=
ac_cv_env_target_alias_set=
ac_cv_env_target_alias_value=
ac_cv_func_bcopy=yes
ac_cv_func_gettimeofday=yes
ac_cv_func_inet_aton=yes
ac_cv_func_inet_ntoa=yes
ac_cv_func_inet_ntop=yes
ac_cv_func_lrand48=yes
ac_cv_func_memmove=yes
ac_cv_func_pthread_atfork=yes
ac_cv_func_setsid=yes
ac_cv_func_snprintf=yes
ac_cv_func_strerror=yes
ac_cv_func_strftime=yes
ac_cv_func_time=yes
ac_cv_have___ss_family_in_struct_ss=no
ac_cv_have_clock_t=yes
ac_cv_have_dladdr=yes
ac_cv_have_int64_t=yes
ac_cv_have_intxx_t=yes
ac_cv_have_pid_t=yes
ac_cv_have_sa_family_t=yes
ac_cv_have_sin_len_in_struct_sockaddr_in=no
ac_cv_have_size_t=yes
ac_cv_have_socklen_t=yes
ac_cv_have_sockopt_len_t=no
ac_cv_have_ss_family_in_struct_ss=yes
ac_cv_have_ssize_t=yes
ac_cv_have_struct_addrinfo=yes
ac_cv_have_struct_in6_addr=yes
ac_cv_have_struct_msghdr=yes
ac_cv_have_struct_msghdr_acc=no
ac_cv_have_struct_msghdr_ctl=yes
ac_cv_have_struct_sockaddr_in6=yes
ac_cv_have_struct_sockaddr_storage=yes
ac_cv_have_struct_timeval=yes
ac_cv_have_struct_timezone=yes
ac_cv_have_sun_len_in_struct_sockaddr_un=no
ac_cv_have_u_int64_t=yes
ac_cv_have_u_int=yes
ac_cv_have_u_intxx_t=yes
ac_cv_header_arpa_inet_h=yes
ac_cv_header_assert_h=yes
ac_cv_header_errno_h=yes
ac_cv_header_grp_h=yes
ac_cv_header_inttypes_h=yes
ac_cv_header_limits_h=yes
ac_cv_header_memory_h=yes
ac_cv_header_netdb_h=yes
ac_cv_header_netinet_in_h=yes
ac_cv_header_netinet_tcp_h=yes
ac_cv_header_process_h=no
ac_cv_header_pthread_h=yes
ac_cv_header_pwd_h=yes
ac_cv_header_signal_h=yes
ac_cv_header_stdarg_h=yes
ac_cv_header_stdc=yes
ac_cv_header_stdint_h=yes
ac_cv_header_stdio_h=yes
ac_cv_header_stdlib_h=yes
ac_cv_header_string_h=yes
ac_cv_header_strings_h=yes
ac_cv_header_sys_filio_h=no
ac_cv_header_sys_inttypes_h=no
ac_cv_header_sys_ioctl_h=yes
ac_cv_header_sys_param_h=yes
ac_cv_header_sys_socket_h=yes
ac_cv_header_sys_stat_h=yes
ac_cv_header_sys_time_h=yes
ac_cv_header_sys_timeb_h=yes
ac_cv_header_sys_types_h=yes
ac_cv_header_sys_uio_h=yes
ac_cv_header_sys_un_h=yes
ac_cv_header_time_h=yes
ac_cv_header_unistd_h=yes
ac_cv_header_windows_h=no
ac_cv_header_winsock_h=no
ac_cv_host=x86_64-unknown-linux-gnu
ac_cv_ldflag_pthread=yes
ac_cv_lib_m_sqrt=yes
ac_cv_lib_nsl_gethostbyaddr=yes
ac_cv_lib_posix4_sem_wait=no
ac_cv_lib_pthread_pthread_create=yes
ac_cv_lib_socket_socket=no
ac_cv_lib_thread_thr_create=no
ac_cv_libc_defines___progname=yes
ac_cv_libc_defines_sys_errlist=yes
ac_cv_libc_defines_sys_nerr=yes
ac_cv_objext=o
ac_cv_path_AR=/usr/bin/ar
ac_cv_path_EGREP='/bin/grep -E'
ac_cv_path_GREP=/bin/grep
ac_cv_path_NROFF=/usr/bin/nroff
ac_cv_path_PERL=/usr/bin/perl
ac_cv_path_install='/usr/bin/install -c'
ac_cv_prog_CPP='gcc -E'
ac_cv_prog_ac_ct_CC=gcc
ac_cv_prog_ac_ct_RANLIB=ranlib
ac_cv_prog_cc_c89=
ac_cv_prog_cc_g=yes
ac_cv_search_dladdr=-ldl
ac_cv_search_nanosleep='none required'
ac_cv_search_shm_open=-lrt
ac_cv_sizeof_char=1
ac_cv_sizeof_int=4
ac_cv_sizeof_long_int=8
ac_cv_sizeof_long_long_int=8
ac_cv_sizeof_short_int=2

## ----------------- ##
## Output variables. ##
## ----------------- ##

AR='/usr/bin/ar'
CC='gcc'
CFLAGS='-g -O2 -Wall'
CPP='gcc -E'
CPPFLAGS=''
DEFS='-DHAVE_CONFIG_H'
ECHO_C=''
ECHO_N='-n'
ECHO_T=''
EGREP='/bin/grep -E'
EXEEXT=''
GREP='/bin/grep'
INSTALL_DATA='${INSTALL} -m 644'
INSTALL_PROGRAM='${INSTALL}'
INSTALL_SCRIPT='${INSTALL}'
LD='gcc'
LDFLAGS=''
LIBOBJS=''
LIBS='-ldl -lm -lrt -lnsl '
LIBSPSO='libspread-util.so'
LN_S='ln -s'
LTLIBOBJS=''
MANTYPE='doc'
NROFF='/usr/bin/nroff'
OBJEXT='o'
PACKAGE_BUGREPORT=''
PACKAGE_NAME='Spread_Util'
PACKAGE_STRING='Spread_Util 4.2.0'
PACKAGE_TARNAME='spread_util'
PACKAGE_VERSION='4.2.0'
PATH_SEPARATOR=':'
PERL='/usr/bin/perl'
RANLIB='ranlib'
SHCC='gcc'
SHCFLAGS='-g -O2 -Wall -fPIC'
SHCPPFLAGS=''
SHELL='/bin/sh'
SHLD='gcc -shared'
SHLDCONVERTSTATIC='-Wl,-whole-archive'
SHLDCONVERTSTATICEND='-Wl,-no-whole-archive'
SHLDFLAGS=' '
SHLDNAME='-soname,'
SHLDOPTION='-Wl,'
SHLIBS='-ldl -lm -lrt -lnsl '
THLDFLAGS=''
THLIBS='-lpthread '
ac_ct_CC='gcc'
bindir='${exec_prefix}/bin'
build='x86_64-unknown-linux-gnu'
build_alias=''
build_cpu='x86_64'
build_os='linux-gnu'
build_vendor='unknown'
datadir='${datarootdir}'
datarootdir='${prefix}/share'
docdir='${datadir}/doc/libspread-util'
dvidir='${docdir}'
exec_prefix='${prefix}'
host='x86_64-unknown-linux-gnu'
host_alias=''
host_cpu='x86_64'
host_os='linux-gnu'
host_vendor='unknown'
htmldir='${docdir}'
includedir='${prefix}/include'
infodir='${datarootdir}/info'
libdir='${exec_prefix}/lib'
libexecdir='${exec_prefix}/libexec'
localedir='${datarootdir}/locale'
localstatedir='${prefix}/var'
mandir='${datarootdir}/man'
mansubdir='man'
oldincludedir='/usr/include'
pdfdir='${docdir}'
prefix='/usr/local'
program_transform_name='s,x,x,'
psdir='${docdir}'
sbindir='${exec_prefix}/sbin'
sharedstatedir='${prefix}/com'
sysconfdir='${prefix}/etc'
target_alias=''

## ----------- ##
## confdefs.h. ##
## ----------- ##

#define PACKAGE_NAME "Spread_Util"
#define PACKAGE_TARNAME "spread_util"
#define PACKAGE_VERSION "4.2.0"
#define PACKAGE_STRING "Spread_Util 4.2.0"
#define PACKAGE_BUGREPORT ""
#define STDC_HEADERS 1
#define HAVE_SYS_TYPES_H 1
#define HAVE_SYS_STAT_H 1
#define HAVE_STDLIB_H 1
#define HAVE_STRING_H 1
#define HAVE_MEMORY_H 1
#define HAVE_STRINGS_H 1
#define HAVE_INTTYPES_H 1
#define HAVE_STDINT_H 1
#define HAVE_UNISTD_H 1
#define HAVE_LIBPTHREAD 1
#define HAVE_PTHREAD_ATFORK 1
#define HAVE_LIBNSL 1
#define HAVE_LIBM 1
#define HAVE_STRFTIME 1
#define HAVE_ARPA_INET_H 1
#define HAVE_ASSERT_H 1
#define HAVE_ERRNO_H 1
#define HAVE_GRP_H 1
#define HAVE_LIMITS_H 1
#define HAVE_NETDB_H 1
#define HAVE_NETINET_IN_H 1
#define HAVE_NETINET_TCP_H 1
#define HAVE_PTHREAD_H 1
#define HAVE_PWD_H 1
#define HAVE_SIGNAL_H 1
#define HAVE_STDARG_H 1
#define HAVE_STDINT_H 1
#define HAVE_STDIO_H 1
#define HAVE_STDLIB_H 1
#define HAVE_STRING_H 1
#define HAVE_SYS_IOCTL_H 1
#define HAVE_SYS_PARAM_H 1
#define HAVE_SYS_SOCKET_H 1
#define HAVE_SYS_STAT_H 1
#define HAVE_SYS_TIME_H 1
#define HAVE_SYS_TIMEB_H 1
#define HAVE_SYS_TYPES_H 1
#define HAVE_SYS_UIO_H 1
#define HAVE_SYS_UN_H 1
#define HAVE_TIME_H 1
#define HAVE_UNISTD_H 1
#define HAVE_BCOPY 1
#define HAVE_INET_ATON 1
#define HAVE_INET_NTOA 1
#define HAVE_INET_NTOP 1
#define HAVE_MEMMOVE 1
#define HAVE_SETSID 1
#define HAVE_SNPRINTF 1
#define HAVE_STRERROR 1
#define HAVE_LRAND48 1
#define HAVE_GETTIMEOFDAY 1
#define HAVE_TIME 1
#define HAVE_CLOCK_GETTIME_CLOCK_MONOTONIC 1
#define HAVE_DLADDR 1
#define SIZEOF_CHAR 1
#define SIZEOF_SHORT_INT 2
#define SIZEOF_INT 4
#define SIZEOF_LONG_INT 8
#define SIZEOF_LONG_LONG_INT 8
#define HAVE_STRUCT_TIMEZONE 1
#define ARCH_SCATTER_CONTROL 1
#define HAVE_U_INT 1
#define HAVE_INTXX_T 1
#define HAVE_INT64_T 1
#define HAVE_U_INTXX_T 1
#define HAVE_U_INT64_T 1
#define HAVE_SOCKLEN_T 1
#define HAVE_SIZE_T 1
#define HAVE_SSIZE_T 1
#define HAVE_CLOCK_T 1
#define HAVE_SA_FAMILY_T 1
#define HAVE_STRUCT_SOCKADDR_STORAGE 1
#define HAVE_STRUCT_SOCKADDR_IN6 1
#define HAVE_STRUCT_IN6_ADDR 1
#define HAVE_STRUCT_ADDRINFO 1
#define HAVE_STRUCT_TIMEVAL 1
#define HAVE_SS_FAMILY_IN_SS 1
#define HAVE_PID_T 1
#define HAVE___PROGNAME 1
#define HAVE_SYS_ERRLIST 1
#define HAVE_SYS_NERR 1

configure: exit 0
